Using pre-set license
Built from '2020.3/staging' branch; Version is '2020.3.5f1 (8095aa901b9b) revision 8426922'; Using compiler version '192528614'; Build Type 'Release'
OS: 'Windows 10 Pro; OS build 19042.985; Version 2009; 64bit' Language: 'en' Physical Memory: 16313 MB
BatchMode: 1, IsHumanControllingUs: 0, StartBugReporterOnCrash: 0, Is64bit: 1, IsPro: 0

 COMMAND LINE ARGUMENTS:
D:\Program Files\2020.3.5f1\Editor\Unity.exe
-adb2
-batchMode
-noUpm
-name
AssetImportWorker0
-projectPath
D:/GitHubProjects/Overlord-Project
-logFile
Logs/AssetImportWorker0.log
-srvPort
52516
Successfully changed project path to: D:/GitHubProjects/Overlord-Project
D:/GitHubProjects/Overlord-Project
Using Asset Import Pipeline V2.
Refreshing native plugins compatible for Editor in 110.92 ms, found 0 plugins.
Preloading 0 native plugins for Editor in 0.00 ms.
Initialize engine version: 2020.3.5f1 (8095aa901b9b)
[Subsystems] Discovering subsystems at path D:/Program Files/2020.3.5f1/Editor/Data/Resources/UnitySubsystems
[Subsystems] Discovering subsystems at path D:/GitHubProjects/Overlord-Project/Assets
GfxDevice: creating device client; threaded=0
Direct3D:
    Version:  Direct3D 11.0 [level 11.1]
    Renderer: NVIDIA GeForce GTX 1660 SUPER (ID=0x21c4)
    Vendor:   
    VRAM:     5991 MB
    Driver:   27.21.14.6611
Shader 'Universal Render Pipeline/Particles/Lit': fallback shader 'Universal Render Pipeline/Particles/SimpleLit' not found
Initialize mono
Mono path[0] = 'D:/Program Files/2020.3.5f1/Editor/Data/Managed'
Mono path[1] = 'D:/Program Files/2020.3.5f1/Editor/Data/MonoBleedingEdge/lib/mono/unityjit'
Mono config path = 'D:/Program Files/2020.3.5f1/Editor/Data/MonoBleedingEdge/etc'
Using monoOptions --debugger-agent=transport=dt_socket,embedding=1,server=y,suspend=n,address=127.0.0.1:56916
Begin MonoManager ReloadAssembly
Registering precompiled unity dll's ...
Register platform support module: D:/Program Files/2020.3.5f1/Editor/Data/PlaybackEngines/WebGLSupport/UnityEditor.WebGL.Extensions.dll
Register platform support module: D:/Program Files/2020.3.5f1/Editor/Data/PlaybackEngines/WindowsStandaloneSupport/UnityEditor.WindowsStandalone.Extensions.dll
Register platform support module: D:/Program Files/2020.3.5f1/Editor/Data/PlaybackEngines/LinuxStandaloneSupport/UnityEditor.LinuxStandalone.Extensions.dll
Registered in 0.002086 seconds.
Native extension for LinuxStandalone target not found
Native extension for WindowsStandalone target not found
Native extension for WebGL target not found
Refreshing native plugins compatible for Editor in 97.36 ms, found 0 plugins.
Preloading 0 native plugins for Editor in 0.00 ms.
Mono: successfully reloaded assembly
- Completed reload, in  0.939 seconds
Platform modules already initialized, skipping
Registering precompiled user dll's ...
Registered in 0.006778 seconds.
Begin MonoManager ReloadAssembly
Native extension for LinuxStandalone target not found
Native extension for WindowsStandalone target not found
Native extension for WebGL target not found
Refreshing native plugins compatible for Editor in 85.29 ms, found 0 plugins.
Preloading 0 native plugins for Editor in 0.00 ms.
Mono: successfully reloaded assembly
- Completed reload, in  1.246 seconds
Platform modules already initialized, skipping
========================================================================
Worker process is ready to serve import requests
Shader 'Universal Render Pipeline/Particles/Lit': fallback shader 'Universal Render Pipeline/Particles/SimpleLit' not found
Launched and connected shader compiler UnityShaderCompiler.exe after 0.08 seconds
Refreshing native plugins compatible for Editor in 1.50 ms, found 0 plugins.
Preloading 0 native plugins for Editor in 0.00 ms.
Unloading 3891 Unused Serialized files (Serialized files now loaded: 0)
System memory in use before: 166.1 MB.
System memory in use after: 166.3 MB.

Unloading 45 unused Assets to reduce memory usage. Loaded Objects now: 4314.
Total: 3.648100 ms (FindLiveObjects: 0.552500 ms CreateObjectMapping: 0.127400 ms MarkObjects: 2.874400 ms  DeleteObjects: 0.092800 ms)

========================================================================
Received Import Request.
  path: Assets/Scenes/SimpleEA.unity
  artifactKey: Guid(c325ac92b90d7dd419c028f6444b4ab9) Importer(815301076,1909f56bfc062723c751e8b465ee728b)
Start importing Assets/Scenes/SimpleEA.unity using Guid(c325ac92b90d7dd419c028f6444b4ab9) Importer(815301076,1909f56bfc062723c751e8b465ee728b)  -> (artifact id: 'e2527399f27eddc4d044ffdcd2f0d461') in 0.036993 seconds
  Import took 0.077182 seconds .

========================================================================
Received Prepare
Registering precompiled user dll's ...
Registered in 0.004484 seconds.
Begin MonoManager ReloadAssembly
Native extension for LinuxStandalone target not found
Native extension for WindowsStandalone target not found
Native extension for WebGL target not found
Refreshing native plugins compatible for Editor in 1.10 ms, found 0 plugins.
Preloading 0 native plugins for Editor in 0.00 ms.
Mono: successfully reloaded assembly
- Completed reload, in  1.118 seconds
Platform modules already initialized, skipping
Shader 'Universal Render Pipeline/Particles/Lit': fallback shader 'Universal Render Pipeline/Particles/SimpleLit' not found
Refreshing native plugins compatible for Editor in 1.10 ms, found 0 plugins.
Preloading 0 native plugins for Editor in 0.00 ms.
Unloading 3742 Unused Serialized files (Serialized files now loaded: 0)
System memory in use before: 155.2 MB.
System memory in use after: 155.4 MB.

Unloading 35 unused Assets to reduce memory usage. Loaded Objects now: 4319.
Total: 3.409000 ms (FindLiveObjects: 0.513600 ms CreateObjectMapping: 0.103800 ms MarkObjects: 2.766000 ms  DeleteObjects: 0.024400 ms)

========================================================================
Received Prepare
Registering precompiled user dll's ...
Registered in 0.005077 seconds.
Begin MonoManager ReloadAssembly
Native extension for LinuxStandalone target not found
Native extension for WindowsStandalone target not found
Native extension for WebGL target not found
Refreshing native plugins compatible for Editor in 1.07 ms, found 0 plugins.
Preloading 0 native plugins for Editor in 0.00 ms.
Mono: successfully reloaded assembly
- Completed reload, in  1.089 seconds
Platform modules already initialized, skipping
Shader 'Universal Render Pipeline/Particles/Lit': fallback shader 'Universal Render Pipeline/Particles/SimpleLit' not found
Refreshing native plugins compatible for Editor in 1.14 ms, found 0 plugins.
Preloading 0 native plugins for Editor in 0.00 ms.
Unloading 3762 Unused Serialized files (Serialized files now loaded: 0)
System memory in use before: 155.9 MB.
System memory in use after: 156.1 MB.

Unloading 35 unused Assets to reduce memory usage. Loaded Objects now: 4344.
Total: 3.580400 ms (FindLiveObjects: 0.462100 ms CreateObjectMapping: 0.096000 ms MarkObjects: 2.990500 ms  DeleteObjects: 0.030100 ms)

========================================================================
Received Import Request.
  Time since last request: 1341.855714 seconds.
  path: Assets/UniversalRenderPipelineAsset_Renderer.asset
  artifactKey: Guid(cf43d47616e1f0d489f48740a33b2075) Importer(815301076,1909f56bfc062723c751e8b465ee728b)
Start importing Assets/UniversalRenderPipelineAsset_Renderer.asset using Guid(cf43d47616e1f0d489f48740a33b2075) Importer(815301076,1909f56bfc062723c751e8b465ee728b)  -> (artifact id: '477bd34fe3d3adeace4ee911f9c24e8f') in 0.063065 seconds
  Import took 0.068340 seconds .

========================================================================
Received Import Request.
  Time since last request: 12.598215 seconds.
  path: Assets/Editor/Doxygen/html/bc_s.png
  artifactKey: Guid(23de63f1ceb79314e9aad3d262f69dee) Importer(815301076,1909f56bfc062723c751e8b465ee728b)
Start importing Assets/Editor/Doxygen/html/bc_s.png using Guid(23de63f1ceb79314e9aad3d262f69dee) Importer(815301076,1909f56bfc062723c751e8b465ee728b)  -> (artifact id: '17f47fcd4ede6ae283d629c05abf0cb3') in 0.259208 seconds
  Import took 0.282411 seconds .

========================================================================
Received Import Request.
  Time since last request: 0.000284 seconds.
  path: Assets/CodeMonkey/Assets/Circle.png
  artifactKey: Guid(a0e35f6b808bb7447826cc6c69ffe448) Importer(815301076,1909f56bfc062723c751e8b465ee728b)
Start importing Assets/CodeMonkey/Assets/Circle.png using Guid(a0e35f6b808bb7447826cc6c69ffe448) Importer(815301076,1909f56bfc062723c751e8b465ee728b)  -> (artifact id: 'dd42347588081291725486a606d27ea3') in 0.008084 seconds
  Import took 0.012916 seconds .

========================================================================
Received Import Request.
  Time since last request: 0.000233 seconds.
  path: Assets/Editor/Doxygen/html/class_c_s_v_manager_a9e8e2a2b0c489d85625eec8fd35d7e4d_cgraph.png
  artifactKey: Guid(9891e8256f1b7cb4883a378166953196) Importer(815301076,1909f56bfc062723c751e8b465ee728b)
Start importing Assets/Editor/Doxygen/html/class_c_s_v_manager_a9e8e2a2b0c489d85625eec8fd35d7e4d_cgraph.png using Guid(9891e8256f1b7cb4883a378166953196) Importer(815301076,1909f56bfc062723c751e8b465ee728b)  -> (artifact id: 'd7b28866f9012573373c2fabe6946e37') in 0.058581 seconds
  Import took 0.063868 seconds .

========================================================================
Received Import Request.
  Time since last request: 0.000253 seconds.
  path: Assets/Editor/Doxygen/html/class_combo_u_i_af37981c288e81d353461b13c8e2dfabb_icgraph.png
  artifactKey: Guid(58bdf2bfd6d23ef409b7c16c4428b238) Importer(815301076,1909f56bfc062723c751e8b465ee728b)
Start importing Assets/Editor/Doxygen/html/class_combo_u_i_af37981c288e81d353461b13c8e2dfabb_icgraph.png using Guid(58bdf2bfd6d23ef409b7c16c4428b238) Importer(815301076,1909f56bfc062723c751e8b465ee728b)  -> (artifact id: 'f6dfc369a9604ade70a6e7fa36e96f26') in 0.040161 seconds
  Import took 0.045022 seconds .

========================================================================
Received Import Request.
  Time since last request: 0.000248 seconds.
  path: Assets/Editor/Doxygen/html/class_block_b_h_v__inherit__graph.png
  artifactKey: Guid(db62e7b5fcef531449e525253795e562) Importer(815301076,1909f56bfc062723c751e8b465ee728b)
Start importing Assets/Editor/Doxygen/html/class_block_b_h_v__inherit__graph.png using Guid(db62e7b5fcef531449e525253795e562) Importer(815301076,1909f56bfc062723c751e8b465ee728b)  -> (artifact id: '9bbebe23d7e95995ab2ad23c721b50bd') in 0.048537 seconds
  Import took 0.063845 seconds .

========================================================================
Received Import Request.
  Time since last request: 0.000252 seconds.
  path: Assets/Editor/Doxygen/html/class_combo_u_i_ae3ea1258197463fcde5ee3e11047c4bd_cgraph.png
  artifactKey: Guid(dca9316cd746abd48bfe72ba11257dce) Importer(815301076,1909f56bfc062723c751e8b465ee728b)
Start importing Assets/Editor/Doxygen/html/class_combo_u_i_ae3ea1258197463fcde5ee3e11047c4bd_cgraph.png using Guid(dca9316cd746abd48bfe72ba11257dce) Importer(815301076,1909f56bfc062723c751e8b465ee728b)  -> (artifact id: 'aea9d98d29b346ee138e4fed7b64cb04') in 0.045237 seconds
  Import took 0.049747 seconds .

========================================================================
Received Import Request.
  Time since last request: 0.000232 seconds.
  path: Assets/Sprites/cantoInferiorDireito.png
  artifactKey: Guid(dab9d6d790b31024bae9bbc520c98295) Importer(815301076,1909f56bfc062723c751e8b465ee728b)
Start importing Assets/Sprites/cantoInferiorDireito.png using Guid(dab9d6d790b31024bae9bbc520c98295) Importer(815301076,1909f56bfc062723c751e8b465ee728b)  -> (artifact id: '92f2c8461295885977aab5f35d649c76') in 0.007179 seconds
  Import took 0.012086 seconds .

========================================================================
Received Import Request.
  Time since last request: 0.000250 seconds.
  path: Assets/Sprites/Circle.png
  artifactKey: Guid(d8a6c539a83fdc741b91d519a1c7c19c) Importer(815301076,1909f56bfc062723c751e8b465ee728b)
Start importing Assets/Sprites/Circle.png using Guid(d8a6c539a83fdc741b91d519a1c7c19c) Importer(815301076,1909f56bfc062723c751e8b465ee728b)  -> (artifact id: '7147e5e1c034f061e5ca75a375ca4996') in 0.025529 seconds
  Import took 0.054114 seconds .

========================================================================
Received Import Request.
  Time since last request: 0.000290 seconds.
  path: Assets/Editor/Doxygen/html/class_combo_u_i_a4eea95585642e398bf9844d299f336b8_cgraph.png
  artifactKey: Guid(7f348a27953aa524faf8cd45961ac46a) Importer(815301076,1909f56bfc062723c751e8b465ee728b)
Start importing Assets/Editor/Doxygen/html/class_combo_u_i_a4eea95585642e398bf9844d299f336b8_cgraph.png using Guid(7f348a27953aa524faf8cd45961ac46a) Importer(815301076,1909f56bfc062723c751e8b465ee728b)  -> (artifact id: '90af75a77114574bbae6b89e4592dbc0') in 0.020694 seconds
  Import took 0.025882 seconds .

========================================================================
Received Import Request.
  Time since last request: 0.000271 seconds.
  path: Assets/Editor/Doxygen/html/class_combo_u_i_af37981c288e81d353461b13c8e2dfabb_cgraph.png
  artifactKey: Guid(947991e0db527b84cb0b39b021ec081b) Importer(815301076,1909f56bfc062723c751e8b465ee728b)
Start importing Assets/Editor/Doxygen/html/class_combo_u_i_af37981c288e81d353461b13c8e2dfabb_cgraph.png using Guid(947991e0db527b84cb0b39b021ec081b) Importer(815301076,1909f56bfc062723c751e8b465ee728b)  -> (artifact id: '72b5a8ca14909bcb5051b61216de2f45') in 0.058492 seconds
  Import took 0.079748 seconds .

========================================================================
Received Import Request.
  Time since last request: 0.000227 seconds.
  path: Assets/Editor/Doxygen/html/class_c_s_v_manager_1_1_csv_row__coll__graph.png
  artifactKey: Guid(a60e3a2f2db7657428fb7bdbee266e4e) Importer(815301076,1909f56bfc062723c751e8b465ee728b)
Start importing Assets/Editor/Doxygen/html/class_c_s_v_manager_1_1_csv_row__coll__graph.png using Guid(a60e3a2f2db7657428fb7bdbee266e4e) Importer(815301076,1909f56bfc062723c751e8b465ee728b)  -> (artifact id: '5dcdf5ab3d060f652f4cae965688203e') in 0.053720 seconds
  Import took 0.058768 seconds .

========================================================================
Received Import Request.
  Time since last request: 0.000216 seconds.
  path: Assets/Editor/Doxygen/html/class_combo_u_i__inherit__graph.png
  artifactKey: Guid(1552ebe27bccd214e94cf51264a66a2b) Importer(815301076,1909f56bfc062723c751e8b465ee728b)
Start importing Assets/Editor/Doxygen/html/class_combo_u_i__inherit__graph.png using Guid(1552ebe27bccd214e94cf51264a66a2b) Importer(815301076,1909f56bfc062723c751e8b465ee728b)  -> (artifact id: '4f6f2330ea724e8eeb3c072e026d179b') in 0.048421 seconds
  Import took 0.072432 seconds .

========================================================================
Received Import Request.
  Time since last request: 0.000257 seconds.
  path: Assets/Editor/Doxygen/html/class_bomb_controller__inherit__graph.png
  artifactKey: Guid(e2e30cd4981a88b48a479d76c5537968) Importer(815301076,1909f56bfc062723c751e8b465ee728b)
Start importing Assets/Editor/Doxygen/html/class_bomb_controller__inherit__graph.png using Guid(e2e30cd4981a88b48a479d76c5537968) Importer(815301076,1909f56bfc062723c751e8b465ee728b)  -> (artifact id: '063e2f0dda40966ebdd9e5453733cbfc') in 0.050301 seconds
  Import took 0.069097 seconds .

========================================================================
Received Import Request.
  Time since last request: 0.000240 seconds.
  path: Assets/Sprites/canto.png
  artifactKey: Guid(38fcbaf2c371fa9438a9b1f199049bd9) Importer(815301076,1909f56bfc062723c751e8b465ee728b)
Start importing Assets/Sprites/canto.png using Guid(38fcbaf2c371fa9438a9b1f199049bd9) Importer(815301076,1909f56bfc062723c751e8b465ee728b)  -> (artifact id: '9094c66200d9b33e3eebc864be77512c') in 0.004767 seconds
  Import took 0.009282 seconds .

========================================================================
Received Import Request.
  Time since last request: 0.000285 seconds.
  path: Assets/Editor/Doxygen/html/class_combo_u_i__coll__graph.png
  artifactKey: Guid(07f06496eef719c4d97e4744291172e3) Importer(815301076,1909f56bfc062723c751e8b465ee728b)
Start importing Assets/Editor/Doxygen/html/class_combo_u_i__coll__graph.png using Guid(07f06496eef719c4d97e4744291172e3) Importer(815301076,1909f56bfc062723c751e8b465ee728b)  -> (artifact id: '31d4fc75b073fdc19e618f36e2324ada') in 0.021898 seconds
  Import took 0.026732 seconds .

========================================================================
Received Import Request.
  Time since last request: 0.000245 seconds.
  path: Assets/Editor/Doxygen/html/class_c_s_v_manager_1_1_csv_file_writer__coll__graph.png
  artifactKey: Guid(ac45679da9d44bf4492834d3ee53e8b4) Importer(815301076,1909f56bfc062723c751e8b465ee728b)
Start importing Assets/Editor/Doxygen/html/class_c_s_v_manager_1_1_csv_file_writer__coll__graph.png using Guid(ac45679da9d44bf4492834d3ee53e8b4) Importer(815301076,1909f56bfc062723c751e8b465ee728b)  -> (artifact id: 'a2e6a8d2fc4a5a2a79525efca60232d9') in 0.018401 seconds
  Import took 0.023323 seconds .

========================================================================
Received Import Request.
  Time since last request: 0.000241 seconds.
  path: Assets/Editor/Doxygen/html/class_c_s_v_manager_1_1_csv_file_reader__coll__graph.png
  artifactKey: Guid(14256808b4b274043a34858d6dde9f6d) Importer(815301076,1909f56bfc062723c751e8b465ee728b)
Start importing Assets/Editor/Doxygen/html/class_c_s_v_manager_1_1_csv_file_reader__coll__graph.png using Guid(14256808b4b274043a34858d6dde9f6d) Importer(815301076,1909f56bfc062723c751e8b465ee728b)  -> (artifact id: 'a2fe8f23ee4421ffdcc28e14fa787db2') in 0.020198 seconds
  Import took 0.024757 seconds .

========================================================================
Received Import Request.
  Time since last request: 0.000243 seconds.
  path: Assets/Editor/Doxygen/html/class_bomb_controller__coll__graph.png
  artifactKey: Guid(3d50dd997b146884789427a00077f8cc) Importer(815301076,1909f56bfc062723c751e8b465ee728b)
Start importing Assets/Editor/Doxygen/html/class_bomb_controller__coll__graph.png using Guid(3d50dd997b146884789427a00077f8cc) Importer(815301076,1909f56bfc062723c751e8b465ee728b)  -> (artifact id: 'db6c03242cb5c7b36909040683a0db47') in 0.007408 seconds
  Import took 0.011754 seconds .

========================================================================
Received Import Request.
  Time since last request: 0.000245 seconds.
  path: Assets/Editor/Doxygen/html/class_c_s_v_manager_1_1_csv_file_reader__inherit__graph.png
  artifactKey: Guid(9f5b2d9407c4e9f4597032a2a097c914) Importer(815301076,1909f56bfc062723c751e8b465ee728b)
Start importing Assets/Editor/Doxygen/html/class_c_s_v_manager_1_1_csv_file_reader__inherit__graph.png using Guid(9f5b2d9407c4e9f4597032a2a097c914) Importer(815301076,1909f56bfc062723c751e8b465ee728b)  -> (artifact id: 'c6f071c792feaf2ba00fe16b53786b7e') in 0.015223 seconds
  Import took 0.032363 seconds .

========================================================================
Received Import Request.
  Time since last request: 0.000338 seconds.
  path: Assets/Editor/Doxygen/html/class_combo_u_i_a4eea95585642e398bf9844d299f336b8_icgraph.png
  artifactKey: Guid(483f8f2b72c93d34dba37d31f7f5e5e5) Importer(815301076,1909f56bfc062723c751e8b465ee728b)
Start importing Assets/Editor/Doxygen/html/class_combo_u_i_a4eea95585642e398bf9844d299f336b8_icgraph.png using Guid(483f8f2b72c93d34dba37d31f7f5e5e5) Importer(815301076,1909f56bfc062723c751e8b465ee728b)  -> (artifact id: 'eb1c7f339f69d1fe907354ac394b635a') in 0.016627 seconds
  Import took 0.040987 seconds .

========================================================================
Received Import Request.
  Time since last request: 0.000241 seconds.
  path: Assets/Editor/Doxygen/html/class_combo_u_i_a083e868cc008fd767eac27f968a7e81d_icgraph.png
  artifactKey: Guid(23bac6bc1f0dd964db090fc7db826bad) Importer(815301076,1909f56bfc062723c751e8b465ee728b)
Start importing Assets/Editor/Doxygen/html/class_combo_u_i_a083e868cc008fd767eac27f968a7e81d_icgraph.png using Guid(23bac6bc1f0dd964db090fc7db826bad) Importer(815301076,1909f56bfc062723c751e8b465ee728b)  -> (artifact id: 'f20a5b84584589bc2b6ac7a27e3c5d01') in 0.042570 seconds
  Import took 0.057673 seconds .

========================================================================
Received Import Request.
  Time since last request: 0.000259 seconds.
  path: Assets/Editor/Doxygen/html/class_c_s_v_manager_1_1_csv_file_writer__inherit__graph.png
  artifactKey: Guid(b5235c844136ae94583ac0830f6daab8) Importer(815301076,1909f56bfc062723c751e8b465ee728b)
Start importing Assets/Editor/Doxygen/html/class_c_s_v_manager_1_1_csv_file_writer__inherit__graph.png using Guid(b5235c844136ae94583ac0830f6daab8) Importer(815301076,1909f56bfc062723c751e8b465ee728b)  -> (artifact id: '513fae9c02bf286c8001ce259e20f6bd') in 0.015307 seconds
  Import took 0.028402 seconds .

========================================================================
Received Import Request.
  Time since last request: 0.000253 seconds.
  path: Assets/Editor/Doxygen/html/bdwn.png
  artifactKey: Guid(6cab2dca1f8a493459ce8b435763b466) Importer(815301076,1909f56bfc062723c751e8b465ee728b)
Start importing Assets/Editor/Doxygen/html/bdwn.png using Guid(6cab2dca1f8a493459ce8b435763b466) Importer(815301076,1909f56bfc062723c751e8b465ee728b)  -> (artifact id: '699f6019c5cc51b05a28e852441d4484') in 0.060510 seconds
  Import took 0.085808 seconds .

========================================================================
Received Import Request.
  Time since last request: 0.000236 seconds.
  path: Assets/Editor/Doxygen/html/class_c_s_v_manager_1_1_csv_file_writer_a44435361056ba68188282efdf3ad226f_icgraph.png
  artifactKey: Guid(16f99375d8c266c48b2d59aa80c3ecd5) Importer(815301076,1909f56bfc062723c751e8b465ee728b)
Start importing Assets/Editor/Doxygen/html/class_c_s_v_manager_1_1_csv_file_writer_a44435361056ba68188282efdf3ad226f_icgraph.png using Guid(16f99375d8c266c48b2d59aa80c3ecd5) Importer(815301076,1909f56bfc062723c751e8b465ee728b)  -> (artifact id: '87787dd366b9c29e7400aba84fce1cfd') in 0.020244 seconds
  Import took 0.048400 seconds .

========================================================================
Received Import Request.
  Time since last request: 0.000215 seconds.
  path: Assets/Editor/Doxygen/html/class_c_s_v_manager_1_1_csv_row__inherit__graph.png
  artifactKey: Guid(b8de6e4b5f5d07744b98086176c68844) Importer(815301076,1909f56bfc062723c751e8b465ee728b)
Start importing Assets/Editor/Doxygen/html/class_c_s_v_manager_1_1_csv_row__inherit__graph.png using Guid(b8de6e4b5f5d07744b98086176c68844) Importer(815301076,1909f56bfc062723c751e8b465ee728b)  -> (artifact id: 'b4d1112811f929446d85ed21ebcc3aa4') in 0.021154 seconds
  Import took 0.025554 seconds .

========================================================================
Received Import Request.
  Time since last request: 0.000268 seconds.
  path: Assets/Editor/Doxygen/html/class_boundaries__coll__graph.png
  artifactKey: Guid(37dcedceb528c5643bb054a6cf7af07f) Importer(815301076,1909f56bfc062723c751e8b465ee728b)
Start importing Assets/Editor/Doxygen/html/class_boundaries__coll__graph.png using Guid(37dcedceb528c5643bb054a6cf7af07f) Importer(815301076,1909f56bfc062723c751e8b465ee728b)  -> (artifact id: '09f8da08ed8874a09a5dda1691193dc0') in 0.008103 seconds
  Import took 0.022752 seconds .

========================================================================
Received Import Request.
  Time since last request: 0.000310 seconds.
  path: Assets/Editor/Doxygen/html/class_block_b_h_v__coll__graph.png
  artifactKey: Guid(aacb86fe2ea71214b9ccad32f14ef23e) Importer(815301076,1909f56bfc062723c751e8b465ee728b)
Start importing Assets/Editor/Doxygen/html/class_block_b_h_v__coll__graph.png using Guid(aacb86fe2ea71214b9ccad32f14ef23e) Importer(815301076,1909f56bfc062723c751e8b465ee728b)  -> (artifact id: 'c188ddd4a75cf2170c59e0a8cba46b90') in 0.018805 seconds
  Import took 0.034253 seconds .

========================================================================
Received Import Request.
  Time since last request: 0.000251 seconds.
  path: Assets/Editor/Doxygen/html/class_combo_u_i_aea87d5895af9e8e1e6e6752b6e583ded_cgraph.png
  artifactKey: Guid(5955a9d47b0305d4fb7757adc3ed627b) Importer(815301076,1909f56bfc062723c751e8b465ee728b)
Start importing Assets/Editor/Doxygen/html/class_combo_u_i_aea87d5895af9e8e1e6e6752b6e583ded_cgraph.png using Guid(5955a9d47b0305d4fb7757adc3ed627b) Importer(815301076,1909f56bfc062723c751e8b465ee728b)  -> (artifact id: '80f9c46eb8ef08ddf66e42a99bec073b') in 0.045130 seconds
  Import took 0.049812 seconds .

========================================================================
Received Import Request.
  Time since last request: 0.000245 seconds.
  path: Assets/Sprites/cantoInferiorEsquerdo.png
  artifactKey: Guid(9e55835e3cfdfe448a9a3a33bfd5d1dd) Importer(815301076,1909f56bfc062723c751e8b465ee728b)
Start importing Assets/Sprites/cantoInferiorEsquerdo.png using Guid(9e55835e3cfdfe448a9a3a33bfd5d1dd) Importer(815301076,1909f56bfc062723c751e8b465ee728b)  -> (artifact id: '53e52ac38159ea49b287aaf78a9100e7') in 0.005013 seconds
  Import took 0.023382 seconds .

========================================================================
Received Import Request.
  Time since last request: 0.000290 seconds.
  path: Assets/Sprites/cantoSuperiorDireito.png
  artifactKey: Guid(31e5aaf6bb9299f4dab4c68165911348) Importer(815301076,1909f56bfc062723c751e8b465ee728b)
Start importing Assets/Sprites/cantoSuperiorDireito.png using Guid(31e5aaf6bb9299f4dab4c68165911348) Importer(815301076,1909f56bfc062723c751e8b465ee728b)  -> (artifact id: '7b20b771dd068856ebcfde7b7a728787') in 0.005579 seconds
  Import took 0.015182 seconds .

========================================================================
Received Prepare
Registering precompiled user dll's ...
Registered in 0.004591 seconds.
Begin MonoManager ReloadAssembly
Native extension for LinuxStandalone target not found
Native extension for WindowsStandalone target not found
Native extension for WebGL target not found
Refreshing native plugins compatible for Editor in 1.00 ms, found 0 plugins.
Preloading 0 native plugins for Editor in 0.00 ms.
Mono: successfully reloaded assembly
- Completed reload, in  1.003 seconds
Platform modules already initialized, skipping
Shader 'Universal Render Pipeline/Particles/Lit': fallback shader 'Universal Render Pipeline/Particles/SimpleLit' not found
Refreshing native plugins compatible for Editor in 0.99 ms, found 0 plugins.
Preloading 0 native plugins for Editor in 0.00 ms.
Unloading 3762 Unused Serialized files (Serialized files now loaded: 0)
System memory in use before: 159.3 MB.
System memory in use after: 159.6 MB.

Unloading 35 unused Assets to reduce memory usage. Loaded Objects now: 4389.
Total: 4.113200 ms (FindLiveObjects: 0.413700 ms CreateObjectMapping: 0.102900 ms MarkObjects: 3.563300 ms  DeleteObjects: 0.031600 ms)

========================================================================
Received Prepare
Registering precompiled user dll's ...
Registered in 0.004490 seconds.
Begin MonoManager ReloadAssembly
Native extension for LinuxStandalone target not found
Native extension for WindowsStandalone target not found
Native extension for WebGL target not found
Refreshing native plugins compatible for Editor in 0.98 ms, found 0 plugins.
Preloading 0 native plugins for Editor in 0.00 ms.
Mono: successfully reloaded assembly
- Completed reload, in  0.987 seconds
Platform modules already initialized, skipping
Shader 'Universal Render Pipeline/Particles/Lit': fallback shader 'Universal Render Pipeline/Particles/SimpleLit' not found
Refreshing native plugins compatible for Editor in 1.00 ms, found 0 plugins.
Preloading 0 native plugins for Editor in 0.00 ms.
Unloading 3762 Unused Serialized files (Serialized files now loaded: 0)
System memory in use before: 159.4 MB.
System memory in use after: 159.6 MB.

Unloading 35 unused Assets to reduce memory usage. Loaded Objects now: 4394.
Total: 4.104000 ms (FindLiveObjects: 0.425000 ms CreateObjectMapping: 0.095800 ms MarkObjects: 3.547000 ms  DeleteObjects: 0.034500 ms)

========================================================================
Received Prepare
Registering precompiled user dll's ...
Registered in 0.004636 seconds.
Begin MonoManager ReloadAssembly
Native extension for LinuxStandalone target not found
Native extension for WindowsStandalone target not found
Native extension for WebGL target not found
Refreshing native plugins compatible for Editor in 0.99 ms, found 0 plugins.
Preloading 0 native plugins for Editor in 0.00 ms.
Mono: successfully reloaded assembly
- Completed reload, in  0.993 seconds
Platform modules already initialized, skipping
Shader 'Universal Render Pipeline/Particles/Lit': fallback shader 'Universal Render Pipeline/Particles/SimpleLit' not found
Refreshing native plugins compatible for Editor in 1.06 ms, found 0 plugins.
Preloading 0 native plugins for Editor in 0.00 ms.
Unloading 3762 Unused Serialized files (Serialized files now loaded: 0)
System memory in use before: 159.4 MB.
System memory in use after: 159.6 MB.

Unloading 35 unused Assets to reduce memory usage. Loaded Objects now: 4399.
Total: 3.558300 ms (FindLiveObjects: 0.420600 ms CreateObjectMapping: 0.117700 ms MarkObjects: 2.990100 ms  DeleteObjects: 0.028700 ms)

========================================================================
Received Prepare
Registering precompiled user dll's ...
Registered in 0.004165 seconds.
Begin MonoManager ReloadAssembly
Native extension for LinuxStandalone target not found
Native extension for WindowsStandalone target not found
Native extension for WebGL target not found
Refreshing native plugins compatible for Editor in 0.98 ms, found 0 plugins.
Preloading 0 native plugins for Editor in 0.00 ms.
Mono: successfully reloaded assembly
- Completed reload, in  1.000 seconds
Platform modules already initialized, skipping
Shader 'Universal Render Pipeline/Particles/Lit': fallback shader 'Universal Render Pipeline/Particles/SimpleLit' not found
Refreshing native plugins compatible for Editor in 1.04 ms, found 0 plugins.
Preloading 0 native plugins for Editor in 0.00 ms.
Unloading 3762 Unused Serialized files (Serialized files now loaded: 0)
System memory in use before: 159.4 MB.
System memory in use after: 159.6 MB.

Unloading 35 unused Assets to reduce memory usage. Loaded Objects now: 4404.
Total: 3.490000 ms (FindLiveObjects: 0.430700 ms CreateObjectMapping: 0.100800 ms MarkObjects: 2.927000 ms  DeleteObjects: 0.030300 ms)

========================================================================
Received Prepare
Registering precompiled user dll's ...
Registered in 0.004073 seconds.
Begin MonoManager ReloadAssembly
Native extension for LinuxStandalone target not found
Native extension for WindowsStandalone target not found
Native extension for WebGL target not found
Refreshing native plugins compatible for Editor in 1.00 ms, found 0 plugins.
Preloading 0 native plugins for Editor in 0.00 ms.
Mono: successfully reloaded assembly
- Completed reload, in  0.989 seconds
Platform modules already initialized, skipping
Shader 'Universal Render Pipeline/Particles/Lit': fallback shader 'Universal Render Pipeline/Particles/SimpleLit' not found
Refreshing native plugins compatible for Editor in 1.00 ms, found 0 plugins.
Preloading 0 native plugins for Editor in 0.00 ms.
Unloading 3762 Unused Serialized files (Serialized files now loaded: 0)
System memory in use before: 159.4 MB.
System memory in use after: 159.6 MB.

Unloading 35 unused Assets to reduce memory usage. Loaded Objects now: 4409.
Total: 3.554900 ms (FindLiveObjects: 0.423400 ms CreateObjectMapping: 0.121900 ms MarkObjects: 2.978300 ms  DeleteObjects: 0.029700 ms)

========================================================================
Received Prepare
Registering precompiled user dll's ...
Registered in 0.004142 seconds.
Begin MonoManager ReloadAssembly
Native extension for LinuxStandalone target not found
Native extension for WindowsStandalone target not found
Native extension for WebGL target not found
Refreshing native plugins compatible for Editor in 0.98 ms, found 0 plugins.
Preloading 0 native plugins for Editor in 0.00 ms.
Mono: successfully reloaded assembly
- Completed reload, in  1.022 seconds
Platform modules already initialized, skipping
Shader 'Universal Render Pipeline/Particles/Lit': fallback shader 'Universal Render Pipeline/Particles/SimpleLit' not found
Refreshing native plugins compatible for Editor in 0.97 ms, found 0 plugins.
Preloading 0 native plugins for Editor in 0.00 ms.
Unloading 3762 Unused Serialized files (Serialized files now loaded: 0)
System memory in use before: 159.4 MB.
System memory in use after: 159.7 MB.

Unloading 35 unused Assets to reduce memory usage. Loaded Objects now: 4414.
Total: 3.530300 ms (FindLiveObjects: 0.424900 ms CreateObjectMapping: 0.105200 ms MarkObjects: 2.970100 ms  DeleteObjects: 0.028700 ms)

========================================================================
Received Import Request.
  Time since last request: 4293.245956 seconds.
  path: Packages/com.unity.ide.visualstudio
  artifactKey: Guid(9db636ca49aa246019dd93b7c8b689f4) Importer(815301076,1909f56bfc062723c751e8b465ee728b)
Start importing Packages/com.unity.ide.visualstudio using Guid(9db636ca49aa246019dd93b7c8b689f4) Importer(815301076,1909f56bfc062723c751e8b465ee728b)  -> (artifact id: '60325700a0d74868e6a507b0b28a4d30') in 0.006834 seconds
  Import took 0.037918 seconds .

========================================================================
Received Import Request.
  Time since last request: 0.788513 seconds.
  path: Packages/com.unity.ide.vscode
  artifactKey: Guid(1c61a04a5b7737c4d16673d64be4194e) Importer(815301076,1909f56bfc062723c751e8b465ee728b)
Start importing Packages/com.unity.ide.vscode using Guid(1c61a04a5b7737c4d16673d64be4194e) Importer(815301076,1909f56bfc062723c751e8b465ee728b)  -> (artifact id: '0f297367180b1c0bbf4dd5606115b590') in 0.001671 seconds
  Import took 0.007304 seconds .

========================================================================
Received Import Request.
  Time since last request: 1.610330 seconds.
  path: Packages/com.unity.connect.share
  artifactKey: Guid(5a8833fea32537b25674c00ccfed5096) Importer(815301076,1909f56bfc062723c751e8b465ee728b)
Start importing Packages/com.unity.connect.share using Guid(5a8833fea32537b25674c00ccfed5096) Importer(815301076,1909f56bfc062723c751e8b465ee728b)  -> (artifact id: 'f477ab0b80785f6884b2b3b6a324ef02') in 0.001788 seconds
  Import took 0.035983 seconds .

========================================================================
Received Import Request.
  Time since last request: 0.715290 seconds.
  path: Packages/com.unity.xr.legacyinputhelpers
  artifactKey: Guid(9f273d1aeb919930a9018672d8e70f4b) Importer(815301076,1909f56bfc062723c751e8b465ee728b)
Start importing Packages/com.unity.xr.legacyinputhelpers using Guid(9f273d1aeb919930a9018672d8e70f4b) Importer(815301076,1909f56bfc062723c751e8b465ee728b)  -> (artifact id: 'aa90396f64f962b96d77d355ce4fe012') in 0.001920 seconds
  Import took 0.021998 seconds .

========================================================================
Received Import Request.
  Time since last request: 0.696341 seconds.
  path: Packages/com.unity.render-pipelines.universal
  artifactKey: Guid(87f3e00faee74b02e6227b1c727beb50) Importer(815301076,1909f56bfc062723c751e8b465ee728b)
Start importing Packages/com.unity.render-pipelines.universal using Guid(87f3e00faee74b02e6227b1c727beb50) Importer(815301076,1909f56bfc062723c751e8b465ee728b)  -> (artifact id: 'b76a530caaadbda63e0337317a357747') in 0.001791 seconds
  Import took 0.031013 seconds .

========================================================================
Received Import Request.
  Time since last request: 0.491652 seconds.
  path: Packages/com.unity.ugui
  artifactKey: Guid(8f7652e09069a1943278893d4264401e) Importer(815301076,1909f56bfc062723c751e8b465ee728b)
Start importing Packages/com.unity.ugui using Guid(8f7652e09069a1943278893d4264401e) Importer(815301076,1909f56bfc062723c751e8b465ee728b)  -> (artifact id: '6fe4002eabcf136df8fa29e8d7998a02') in 0.001670 seconds
  Import took 0.007487 seconds .

========================================================================
Received Import Request.
  Time since last request: 0.855209 seconds.
  path: Packages/com.unity.collab-proxy
  artifactKey: Guid(1adad61bfb44214ee3e887b5febc4396) Importer(815301076,1909f56bfc062723c751e8b465ee728b)
Start importing Packages/com.unity.collab-proxy using Guid(1adad61bfb44214ee3e887b5febc4396) Importer(815301076,1909f56bfc062723c751e8b465ee728b)  -> (artifact id: 'd952d824f0ba7e222c700e38349946b3') in 0.001640 seconds
  Import took 0.034092 seconds .

========================================================================
Received Import Request.
  Time since last request: 7.374164 seconds.
  path: Assets/CodeMonkey/Assets
  artifactKey: Guid(87d70cfb1e610ac4dadb3551cb1dc28b) Importer(815301076,1909f56bfc062723c751e8b465ee728b)
Start importing Assets/CodeMonkey/Assets using Guid(87d70cfb1e610ac4dadb3551cb1dc28b) Importer(815301076,1909f56bfc062723c751e8b465ee728b)  -> (artifact id: '0f3ef16044705858d6c598f2c119b805') in 0.001556 seconds
  Import took 0.007045 seconds .

========================================================================
Received Import Request.
  Time since last request: 1.130017 seconds.
  path: Assets/CodeMonkey/MonoBehaviours
  artifactKey: Guid(5abf4c77cbf61d94995a40be42eeaee0) Importer(815301076,1909f56bfc062723c751e8b465ee728b)
Start importing Assets/CodeMonkey/MonoBehaviours using Guid(5abf4c77cbf61d94995a40be42eeaee0) Importer(815301076,1909f56bfc062723c751e8b465ee728b)  -> (artifact id: 'e5026cbee0a428a2770619c6628cd4cd') in 0.001795 seconds
  Import took 0.007668 seconds .

========================================================================
Received Import Request.
  Time since last request: 0.636613 seconds.
  path: Assets/CodeMonkey/Resources
  artifactKey: Guid(9c480003fd87d3548ae91e921a89a579) Importer(815301076,1909f56bfc062723c751e8b465ee728b)
Start importing Assets/CodeMonkey/Resources using Guid(9c480003fd87d3548ae91e921a89a579) Importer(815301076,1909f56bfc062723c751e8b465ee728b)  -> (artifact id: '2fd13377ba92851547701fa59499fb5f') in 0.001588 seconds
  Import took 0.037550 seconds .

========================================================================
Received Import Request.
  Time since last request: 3.744477 seconds.
  path: Assets/CodeMonkey/Assets/White_1x1.mat
  artifactKey: Guid(7d5e8e2c082a4c44a9abd7d650cf0a15) Importer(815301076,1909f56bfc062723c751e8b465ee728b)
Start importing Assets/CodeMonkey/Assets/White_1x1.mat using Guid(7d5e8e2c082a4c44a9abd7d650cf0a15) Importer(815301076,1909f56bfc062723c751e8b465ee728b)  -> (artifact id: '2228f4d2960b191713661a41945287d3') in 0.355130 seconds
  Import took 0.386425 seconds .

========================================================================
Received Import Request.
  Time since last request: 0.000365 seconds.
  path: Assets/CodeMonkey/Assets/White_1x1.png
  artifactKey: Guid(170577bce7cbda144b82578f81308d23) Importer(815301076,1909f56bfc062723c751e8b465ee728b)
Start importing Assets/CodeMonkey/Assets/White_1x1.png using Guid(170577bce7cbda144b82578f81308d23) Importer(815301076,1909f56bfc062723c751e8b465ee728b)  -> (artifact id: '86ca5641476704c97b778c2af562ee98') in 0.019701 seconds
  Import took 0.032804 seconds .

========================================================================
Received Import Request.
  Time since last request: 0.025234 seconds.
  path: Assets/CodeMonkey/Assets/White_1x1.png
  artifactKey: Guid(170577bce7cbda144b82578f81308d23) Importer(815301076,1909f56bfc062723c751e8b465ee728b)
Start importing Assets/CodeMonkey/Assets/White_1x1.png using Guid(170577bce7cbda144b82578f81308d23) Importer(815301076,1909f56bfc062723c751e8b465ee728b)  -> (artifact id: '86ca5641476704c97b778c2af562ee98') in 0.006950 seconds
  Import took 0.012634 seconds .

========================================================================
Received Import Request.
  Time since last request: 1.428651 seconds.
  path: Assets/CodeMonkey/Resources/CodeMonkeyAssets.prefab
  artifactKey: Guid(6cb9ffb1fe7e89d4a890b91c62fa7e8b) Importer(815301076,1909f56bfc062723c751e8b465ee728b)
Start importing Assets/CodeMonkey/Resources/CodeMonkeyAssets.prefab using Guid(6cb9ffb1fe7e89d4a890b91c62fa7e8b) Importer(815301076,1909f56bfc062723c751e8b465ee728b)  -> (artifact id: '0d771c9527a4a7ab595a5292f21c86c6') in 0.008124 seconds
  Import took 0.044307 seconds .

========================================================================
Received Import Request.
  Time since last request: 7.846625 seconds.
  path: Assets/CodeMonkey/Utils
  artifactKey: Guid(d900c58c01968cd42bb98e37d8e4d05c) Importer(815301076,1909f56bfc062723c751e8b465ee728b)
Start importing Assets/CodeMonkey/Utils using Guid(d900c58c01968cd42bb98e37d8e4d05c) Importer(815301076,1909f56bfc062723c751e8b465ee728b)  -> (artifact id: 'd342b870dcd690d4f6f4475e50c8b5c6') in 0.001620 seconds
  Import took 0.036966 seconds .

========================================================================
Received Import Request.
  Time since last request: 10.504314 seconds.
  path: Assets/Font/AllertaStencil-Regular.ttf
  artifactKey: Guid(56b2e8aeec2d804479abef473caa4930) Importer(815301076,1909f56bfc062723c751e8b465ee728b)
Start importing Assets/Font/AllertaStencil-Regular.ttf using Guid(56b2e8aeec2d804479abef473caa4930) Importer(815301076,1909f56bfc062723c751e8b465ee728b)  -> (artifact id: '6809eeb0936f1d6e792607ee77dd5264') in 0.117067 seconds
  Import took 0.153198 seconds .

========================================================================
Received Import Request.
  Time since last request: 1.408833 seconds.
  path: Assets/Graph/Scripts
  artifactKey: Guid(d515df1bc7c25b94b8911ae0ef56f467) Importer(815301076,1909f56bfc062723c751e8b465ee728b)
Start importing Assets/Graph/Scripts using Guid(d515df1bc7c25b94b8911ae0ef56f467) Importer(815301076,1909f56bfc062723c751e8b465ee728b)  -> (artifact id: '85e1784d431696f63fbbee77845f044d') in 0.001761 seconds
  Import took 0.014945 seconds .

========================================================================
Received Import Request.
  Time since last request: 0.671559 seconds.
  path: Assets/Graph/Scripts/Window_Graph.cs
  artifactKey: Guid(12f0a4d2a013d0a418a86f092050ebd3) Importer(815301076,1909f56bfc062723c751e8b465ee728b)
Start importing Assets/Graph/Scripts/Window_Graph.cs using Guid(12f0a4d2a013d0a418a86f092050ebd3) Importer(815301076,1909f56bfc062723c751e8b465ee728b)  -> (artifact id: 'b2d1fd0ad37030cea9f3c52e49c7f6c0') in 0.006923 seconds
  Import took 0.012691 seconds .

========================================================================
Received Import Request.
  Time since last request: 0.013881 seconds.
  path: Assets/Graph/Scripts/Window_Graph.cs
  artifactKey: Guid(12f0a4d2a013d0a418a86f092050ebd3) Importer(815301076,1909f56bfc062723c751e8b465ee728b)
Start importing Assets/Graph/Scripts/Window_Graph.cs using Guid(12f0a4d2a013d0a418a86f092050ebd3) Importer(815301076,1909f56bfc062723c751e8b465ee728b)  -> (artifact id: 'b2d1fd0ad37030cea9f3c52e49c7f6c0') in 0.001490 seconds
  Import took 0.006607 seconds .

========================================================================
Received Import Request.
  Time since last request: 13.126833 seconds.
  path: Assets/Sprites/Enemy1.png
  artifactKey: Guid(0cc1dadde9bc340478e2552f13190f8b) Importer(815301076,1909f56bfc062723c751e8b465ee728b)
Start importing Assets/Sprites/Enemy1.png using Guid(0cc1dadde9bc340478e2552f13190f8b) Importer(815301076,1909f56bfc062723c751e8b465ee728b)  -> (artifact id: 'b30c4cacee50dddd976513ffa82dc1ea') in 0.101236 seconds
  Import took 0.132704 seconds .

========================================================================
Received Import Request.
  Time since last request: 0.000266 seconds.
  path: Assets/Sprites/tile.png
  artifactKey: Guid(1e9cf7d30e3c35b4fa24d0810b0053e2) Importer(815301076,1909f56bfc062723c751e8b465ee728b)
Start importing Assets/Sprites/tile.png using Guid(1e9cf7d30e3c35b4fa24d0810b0053e2) Importer(815301076,1909f56bfc062723c751e8b465ee728b)  -> (artifact id: 'ce05751711c92668166557d49a91bbde') in 0.057103 seconds
  Import took 0.074508 seconds .

========================================================================
Received Import Request.
  Time since last request: 0.000248 seconds.
  path: Assets/Sprites/MinimapBorder.png
  artifactKey: Guid(bbabf0d10820bba48930e452bf3760e8) Importer(815301076,1909f56bfc062723c751e8b465ee728b)
Start importing Assets/Sprites/MinimapBorder.png using Guid(bbabf0d10820bba48930e452bf3760e8) Importer(815301076,1909f56bfc062723c751e8b465ee728b)  -> (artifact id: '20f611568766c6a3c15a3189c1eab602') in 0.008239 seconds
  Import took 0.021294 seconds .

========================================================================
Received Import Request.
  Time since last request: 0.000297 seconds.
  path: Assets/Sprites/square.png
  artifactKey: Guid(99a22598ed0eefb4eb71a5b556c2b3a6) Importer(815301076,1909f56bfc062723c751e8b465ee728b)
Start importing Assets/Sprites/square.png using Guid(99a22598ed0eefb4eb71a5b556c2b3a6) Importer(815301076,1909f56bfc062723c751e8b465ee728b)  -> (artifact id: '706f421214e034b0dcc715fc7c568de0') in 0.010429 seconds
  Import took 0.019657 seconds .

========================================================================
Received Import Request.
  Time since last request: 0.000247 seconds.
  path: Assets/Sprites/TitleScreen.png
  artifactKey: Guid(70c787c8cc32cdf40ac8e6e91d0358b7) Importer(815301076,1909f56bfc062723c751e8b465ee728b)
Start importing Assets/Sprites/TitleScreen.png using Guid(70c787c8cc32cdf40ac8e6e91d0358b7) Importer(815301076,1909f56bfc062723c751e8b465ee728b)  -> (artifact id: 'a515af5ba38624398719cc1cde5cc5b5') in 0.093096 seconds
  Import took 0.131629 seconds .

========================================================================
Received Import Request.
  Time since last request: 0.000244 seconds.
  path: Assets/Sprites/EnemySprite.png
  artifactKey: Guid(46919c32c020b88448c60a0ab95d3baa) Importer(815301076,1909f56bfc062723c751e8b465ee728b)
Start importing Assets/Sprites/EnemySprite.png using Guid(46919c32c020b88448c60a0ab95d3baa) Importer(815301076,1909f56bfc062723c751e8b465ee728b)  -> (artifact id: 'db4e2816096e48c12118205160138faa') in 0.048872 seconds
  Import took 0.053802 seconds .

========================================================================
Received Import Request.
  Time since last request: 0.000268 seconds.
  path: Assets/Sprites/novoset.png
  artifactKey: Guid(29269b331c7bd2e4ca9b20f2eb3d526d) Importer(815301076,1909f56bfc062723c751e8b465ee728b)
Start importing Assets/Sprites/novoset.png using Guid(29269b331c7bd2e4ca9b20f2eb3d526d) Importer(815301076,1909f56bfc062723c751e8b465ee728b)  -> (artifact id: '8b6b1d94fe48adb605198c53bea9d95e') in 0.056622 seconds
  Import took 0.062290 seconds .

========================================================================
Received Import Request.
  Time since last request: 0.000255 seconds.
  path: Assets/Sprites/EnemyMaterial.mat
  artifactKey: Guid(2d00c9f64335787419e1d37af0a7588f) Importer(815301076,1909f56bfc062723c751e8b465ee728b)
Start importing Assets/Sprites/EnemyMaterial.mat using Guid(2d00c9f64335787419e1d37af0a7588f) Importer(815301076,1909f56bfc062723c751e8b465ee728b)  -> (artifact id: '8cae0d21b73f7f9e06f25ce152043528') in 0.042860 seconds
  Import took 0.047712 seconds .

========================================================================
Received Import Request.
  Time since last request: 0.000254 seconds.
  path: Assets/Sprites/tileset.png
  artifactKey: Guid(b92c1c44f604d074595ba5ee0e831239) Importer(815301076,1909f56bfc062723c751e8b465ee728b)
Start importing Assets/Sprites/tileset.png using Guid(b92c1c44f604d074595ba5ee0e831239) Importer(815301076,1909f56bfc062723c751e8b465ee728b)  -> (artifact id: '815aacc706113c0df468c96648a7fcb5') in 0.074828 seconds
  Import took 0.100243 seconds .

========================================================================
Received Import Request.
  Time since last request: 0.160549 seconds.
  path: Assets/Textures/eastdoor.tga
  artifactKey: Guid(8429e7073ee1de749a14b81bbb33c06b) Importer(815301076,1909f56bfc062723c751e8b465ee728b)
Start importing Assets/Textures/eastdoor.tga using Guid(8429e7073ee1de749a14b81bbb33c06b) Importer(815301076,1909f56bfc062723c751e8b465ee728b)  -> (artifact id: '44f716da17280e2415bd4a2b3425ac9e') in 0.031975 seconds
  Import took 0.064202 seconds .

========================================================================
Received Import Request.
  Time since last request: 0.000272 seconds.
  path: Assets/Textures/northdoor.tga
  artifactKey: Guid(eff781a1fda002e41ba31de86c0dcab2) Importer(815301076,1909f56bfc062723c751e8b465ee728b)
Start importing Assets/Textures/northdoor.tga using Guid(eff781a1fda002e41ba31de86c0dcab2) Importer(815301076,1909f56bfc062723c751e8b465ee728b)  -> (artifact id: '0b99b0803820afd83fe11d2d73de0056') in 0.015000 seconds
  Import took 0.020603 seconds .

========================================================================
Received Import Request.
  Time since last request: 0.000289 seconds.
  path: Assets/Textures/minimaptexture.renderTexture
  artifactKey: Guid(749237a897e2673479e028d17510e53a) Importer(815301076,1909f56bfc062723c751e8b465ee728b)
Start importing Assets/Textures/minimaptexture.renderTexture using Guid(749237a897e2673479e028d17510e53a) Importer(815301076,1909f56bfc062723c751e8b465ee728b)  -> (artifact id: '61224384b2cc2a349ebca1404a9427cf') in 0.029119 seconds
  Import took 0.062651 seconds .

========================================================================
Received Import Request.
  Time since last request: 0.000216 seconds.
  path: Assets/Textures/westdoor.tga
  artifactKey: Guid(5f17225d8b204714c81e0a60d3c0fa4c) Importer(815301076,1909f56bfc062723c751e8b465ee728b)
Start importing Assets/Textures/westdoor.tga using Guid(5f17225d8b204714c81e0a60d3c0fa4c) Importer(815301076,1909f56bfc062723c751e8b465ee728b)  -> (artifact id: 'b63a71a7407b2da2137c12d6b75f3db1') in 0.044243 seconds
  Import took 0.049288 seconds .

========================================================================
Received Import Request.
  Time since last request: 0.000264 seconds.
  path: Assets/Textures/southdoor.tga
  artifactKey: Guid(414e2772f1a7b7d439dd66ed1f83ab6a) Importer(815301076,1909f56bfc062723c751e8b465ee728b)
Start importing Assets/Textures/southdoor.tga using Guid(414e2772f1a7b7d439dd66ed1f83ab6a) Importer(815301076,1909f56bfc062723c751e8b465ee728b)  -> (artifact id: 'cb56968601ff51e11f4d85f93d0d9044') in 0.054785 seconds
  Import took 0.059979 seconds .

========================================================================
Received Prepare
Registering precompiled user dll's ...
Registered in 0.004385 seconds.
Begin MonoManager ReloadAssembly
Native extension for LinuxStandalone target not found
Native extension for WindowsStandalone target not found
Native extension for WebGL target not found
Refreshing native plugins compatible for Editor in 1.04 ms, found 0 plugins.
Preloading 0 native plugins for Editor in 0.00 ms.
Mono: successfully reloaded assembly
- Completed reload, in  1.038 seconds
Platform modules already initialized, skipping
Shader 'Universal Render Pipeline/Particles/Lit': fallback shader 'Universal Render Pipeline/Particles/SimpleLit' not found
Refreshing native plugins compatible for Editor in 1.07 ms, found 0 plugins.
Preloading 0 native plugins for Editor in 0.00 ms.
Unloading 3762 Unused Serialized files (Serialized files now loaded: 0)
System memory in use before: 162.3 MB.
System memory in use after: 162.5 MB.

Unloading 35 unused Assets to reduce memory usage. Loaded Objects now: 4512.
Total: 3.251600 ms (FindLiveObjects: 0.445900 ms CreateObjectMapping: 0.103700 ms MarkObjects: 2.673700 ms  DeleteObjects: 0.026500 ms)

========================================================================
Received Prepare
Registering precompiled user dll's ...
Registered in 0.004323 seconds.
Begin MonoManager ReloadAssembly
Native extension for LinuxStandalone target not found
Native extension for WindowsStandalone target not found
Native extension for WebGL target not found
Refreshing native plugins compatible for Editor in 1.18 ms, found 0 plugins.
Preloading 0 native plugins for Editor in 0.00 ms.
Mono: successfully reloaded assembly
- Completed reload, in  0.999 seconds
Platform modules already initialized, skipping
Shader 'Universal Render Pipeline/Particles/Lit': fallback shader 'Universal Render Pipeline/Particles/SimpleLit' not found
Refreshing native plugins compatible for Editor in 0.99 ms, found 0 plugins.
Preloading 0 native plugins for Editor in 0.00 ms.
Unloading 3762 Unused Serialized files (Serialized files now loaded: 0)
System memory in use before: 162.3 MB.
System memory in use after: 162.5 MB.

Unloading 35 unused Assets to reduce memory usage. Loaded Objects now: 4517.
Total: 3.427100 ms (FindLiveObjects: 0.365900 ms CreateObjectMapping: 0.117600 ms MarkObjects: 2.913500 ms  DeleteObjects: 0.028900 ms)

========================================================================
Received Prepare
Registering precompiled user dll's ...
Registered in 0.004268 seconds.
Begin MonoManager ReloadAssembly
Native extension for LinuxStandalone target not found
Native extension for WindowsStandalone target not found
Native extension for WebGL target not found
Refreshing native plugins compatible for Editor in 0.98 ms, found 0 plugins.
Preloading 0 native plugins for Editor in 0.00 ms.
Mono: successfully reloaded assembly
- Completed reload, in  1.017 seconds
Platform modules already initialized, skipping
Shader 'Universal Render Pipeline/Particles/Lit': fallback shader 'Universal Render Pipeline/Particles/SimpleLit' not found
Refreshing native plugins compatible for Editor in 1.04 ms, found 0 plugins.
Preloading 0 native plugins for Editor in 0.00 ms.
Unloading 3762 Unused Serialized files (Serialized files now loaded: 0)
System memory in use before: 162.3 MB.
System memory in use after: 162.5 MB.

Unloading 35 unused Assets to reduce memory usage. Loaded Objects now: 4522.
Total: 3.505000 ms (FindLiveObjects: 0.375900 ms CreateObjectMapping: 0.117700 ms MarkObjects: 2.982600 ms  DeleteObjects: 0.027500 ms)

========================================================================
Received Prepare
Registering precompiled user dll's ...
Registered in 0.006696 seconds.
Begin MonoManager ReloadAssembly
Native extension for LinuxStandalone target not found
Native extension for WindowsStandalone target not found
Native extension for WebGL target not found
Refreshing native plugins compatible for Editor in 1.03 ms, found 0 plugins.
Preloading 0 native plugins for Editor in 0.00 ms.
Mono: successfully reloaded assembly
- Completed reload, in  1.015 seconds
Platform modules already initialized, skipping
Shader 'Universal Render Pipeline/Particles/Lit': fallback shader 'Universal Render Pipeline/Particles/SimpleLit' not found
Refreshing native plugins compatible for Editor in 1.06 ms, found 0 plugins.
Preloading 0 native plugins for Editor in 0.00 ms.
Unloading 3762 Unused Serialized files (Serialized files now loaded: 0)
System memory in use before: 162.3 MB.
System memory in use after: 162.6 MB.

Unloading 35 unused Assets to reduce memory usage. Loaded Objects now: 4527.
Total: 3.450400 ms (FindLiveObjects: 0.422400 ms CreateObjectMapping: 0.121200 ms MarkObjects: 2.880300 ms  DeleteObjects: 0.025500 ms)

========================================================================
Received Prepare
Registering precompiled user dll's ...
Registered in 0.004151 seconds.
Begin MonoManager ReloadAssembly
Native extension for LinuxStandalone target not found
Native extension for WindowsStandalone target not found
Native extension for WebGL target not found
Refreshing native plugins compatible for Editor in 1.25 ms, found 0 plugins.
Preloading 0 native plugins for Editor in 0.00 ms.
Mono: successfully reloaded assembly
- Completed reload, in  1.001 seconds
Platform modules already initialized, skipping
Shader 'Universal Render Pipeline/Particles/Lit': fallback shader 'Universal Render Pipeline/Particles/SimpleLit' not found
Refreshing native plugins compatible for Editor in 1.02 ms, found 0 plugins.
Preloading 0 native plugins for Editor in 0.00 ms.
Unloading 3762 Unused Serialized files (Serialized files now loaded: 0)
System memory in use before: 162.3 MB.
System memory in use after: 162.6 MB.

Unloading 35 unused Assets to reduce memory usage. Loaded Objects now: 4532.
Total: 3.765700 ms (FindLiveObjects: 0.361600 ms CreateObjectMapping: 0.094400 ms MarkObjects: 3.280500 ms  DeleteObjects: 0.028100 ms)

========================================================================
Received Prepare
Registering precompiled user dll's ...
Registered in 0.004823 seconds.
Begin MonoManager ReloadAssembly
Native extension for LinuxStandalone target not found
Native extension for WindowsStandalone target not found
Native extension for WebGL target not found
Refreshing native plugins compatible for Editor in 1.05 ms, found 0 plugins.
Preloading 0 native plugins for Editor in 0.00 ms.
Mono: successfully reloaded assembly
- Completed reload, in  1.152 seconds
Platform modules already initialized, skipping
Shader 'Universal Render Pipeline/Particles/Lit': fallback shader 'Universal Render Pipeline/Particles/SimpleLit' not found
Refreshing native plugins compatible for Editor in 1.11 ms, found 0 plugins.
Preloading 0 native plugins for Editor in 0.00 ms.
Unloading 3762 Unused Serialized files (Serialized files now loaded: 0)
System memory in use before: 162.3 MB.
System memory in use after: 162.6 MB.

Unloading 35 unused Assets to reduce memory usage. Loaded Objects now: 4537.
Total: 4.019200 ms (FindLiveObjects: 0.561500 ms CreateObjectMapping: 0.124800 ms MarkObjects: 3.298700 ms  DeleteObjects: 0.032400 ms)

========================================================================
Received Prepare
Registering precompiled user dll's ...
Registered in 0.004389 seconds.
Begin MonoManager ReloadAssembly
Native extension for LinuxStandalone target not found
Native extension for WindowsStandalone target not found
Native extension for WebGL target not found
Refreshing native plugins compatible for Editor in 1.17 ms, found 0 plugins.
Preloading 0 native plugins for Editor in 0.00 ms.
Mono: successfully reloaded assembly
- Completed reload, in  1.014 seconds
Platform modules already initialized, skipping
Shader 'Universal Render Pipeline/Particles/Lit': fallback shader 'Universal Render Pipeline/Particles/SimpleLit' not found
Refreshing native plugins compatible for Editor in 1.03 ms, found 0 plugins.
Preloading 0 native plugins for Editor in 0.00 ms.
Unloading 3762 Unused Serialized files (Serialized files now loaded: 0)
System memory in use before: 162.3 MB.
System memory in use after: 162.6 MB.

Unloading 35 unused Assets to reduce memory usage. Loaded Objects now: 4542.
Total: 3.475400 ms (FindLiveObjects: 0.427300 ms CreateObjectMapping: 0.102900 ms MarkObjects: 2.914000 ms  DeleteObjects: 0.030100 ms)

========================================================================
Received Prepare
Registering precompiled user dll's ...
Registered in 0.004184 seconds.
Begin MonoManager ReloadAssembly
Native extension for LinuxStandalone target not found
Native extension for WindowsStandalone target not found
Native extension for WebGL target not found
Refreshing native plugins compatible for Editor in 1.04 ms, found 0 plugins.
Preloading 0 native plugins for Editor in 0.00 ms.
Mono: successfully reloaded assembly
- Completed reload, in  1.041 seconds
Platform modules already initialized, skipping
Shader 'Universal Render Pipeline/Particles/Lit': fallback shader 'Universal Render Pipeline/Particles/SimpleLit' not found
Refreshing native plugins compatible for Editor in 1.01 ms, found 0 plugins.
Preloading 0 native plugins for Editor in 0.00 ms.
Unloading 3762 Unused Serialized files (Serialized files now loaded: 0)
System memory in use before: 162.3 MB.
System memory in use after: 162.6 MB.

Unloading 35 unused Assets to reduce memory usage. Loaded Objects now: 4547.
Total: 4.059800 ms (FindLiveObjects: 0.668600 ms CreateObjectMapping: 0.158700 ms MarkObjects: 3.199800 ms  DeleteObjects: 0.031600 ms)

========================================================================
Received Prepare
Registering precompiled user dll's ...
Registered in 0.004330 seconds.
Begin MonoManager ReloadAssembly
Native extension for LinuxStandalone target not found
Native extension for WindowsStandalone target not found
Native extension for WebGL target not found
Refreshing native plugins compatible for Editor in 1.04 ms, found 0 plugins.
Preloading 0 native plugins for Editor in 0.00 ms.
Mono: successfully reloaded assembly
- Completed reload, in  1.020 seconds
Platform modules already initialized, skipping
Shader 'Universal Render Pipeline/Particles/Lit': fallback shader 'Universal Render Pipeline/Particles/SimpleLit' not found
Refreshing native plugins compatible for Editor in 1.00 ms, found 0 plugins.
Preloading 0 native plugins for Editor in 0.00 ms.
Unloading 3762 Unused Serialized files (Serialized files now loaded: 0)
System memory in use before: 162.4 MB.
System memory in use after: 162.6 MB.

Unloading 35 unused Assets to reduce memory usage. Loaded Objects now: 4552.
Total: 3.683600 ms (FindLiveObjects: 0.442200 ms CreateObjectMapping: 0.120300 ms MarkObjects: 3.091500 ms  DeleteObjects: 0.028300 ms)

========================================================================
Received Prepare
Registering precompiled user dll's ...
Registered in 0.004289 seconds.
Begin MonoManager ReloadAssembly
Native extension for LinuxStandalone target not found
Native extension for WindowsStandalone target not found
Native extension for WebGL target not found
Refreshing native plugins compatible for Editor in 1.08 ms, found 0 plugins.
Preloading 0 native plugins for Editor in 0.00 ms.
Mono: successfully reloaded assembly
- Completed reload, in  0.992 seconds
Platform modules already initialized, skipping
Shader 'Universal Render Pipeline/Particles/Lit': fallback shader 'Universal Render Pipeline/Particles/SimpleLit' not found
Refreshing native plugins compatible for Editor in 1.01 ms, found 0 plugins.
Preloading 0 native plugins for Editor in 0.00 ms.
Unloading 3762 Unused Serialized files (Serialized files now loaded: 0)
System memory in use before: 162.4 MB.
System memory in use after: 162.6 MB.

Unloading 35 unused Assets to reduce memory usage. Loaded Objects now: 4557.
Total: 3.630200 ms (FindLiveObjects: 0.380500 ms CreateObjectMapping: 0.120500 ms MarkObjects: 3.096600 ms  DeleteObjects: 0.031100 ms)

========================================================================
Received Prepare
Registering precompiled user dll's ...
Registered in 0.004498 seconds.
Begin MonoManager ReloadAssembly
Native extension for LinuxStandalone target not found
Native extension for WindowsStandalone target not found
Native extension for WebGL target not found
Refreshing native plugins compatible for Editor in 1.00 ms, found 0 plugins.
Preloading 0 native plugins for Editor in 0.00 ms.
Mono: successfully reloaded assembly
- Completed reload, in  0.996 seconds
Platform modules already initialized, skipping
Shader 'Universal Render Pipeline/Particles/Lit': fallback shader 'Universal Render Pipeline/Particles/SimpleLit' not found
Refreshing native plugins compatible for Editor in 1.07 ms, found 0 plugins.
Preloading 0 native plugins for Editor in 0.00 ms.
Unloading 3762 Unused Serialized files (Serialized files now loaded: 0)
System memory in use before: 162.4 MB.
System memory in use after: 162.6 MB.

Unloading 35 unused Assets to reduce memory usage. Loaded Objects now: 4562.
Total: 3.622100 ms (FindLiveObjects: 0.442800 ms CreateObjectMapping: 0.107400 ms MarkObjects: 3.042200 ms  DeleteObjects: 0.028200 ms)

========================================================================
Received Prepare
Registering precompiled user dll's ...
Registered in 0.008163 seconds.
Begin MonoManager ReloadAssembly
Native extension for LinuxStandalone target not found
Native extension for WindowsStandalone target not found
Native extension for WebGL target not found
Refreshing native plugins compatible for Editor in 1.02 ms, found 0 plugins.
Preloading 0 native plugins for Editor in 0.00 ms.
Mono: successfully reloaded assembly
- Completed reload, in  1.028 seconds
Platform modules already initialized, skipping
Shader 'Universal Render Pipeline/Particles/Lit': fallback shader 'Universal Render Pipeline/Particles/SimpleLit' not found
Refreshing native plugins compatible for Editor in 1.04 ms, found 0 plugins.
Preloading 0 native plugins for Editor in 0.00 ms.
Unloading 3762 Unused Serialized files (Serialized files now loaded: 0)
System memory in use before: 162.4 MB.
System memory in use after: 162.6 MB.

Unloading 35 unused Assets to reduce memory usage. Loaded Objects now: 4567.
Total: 3.737000 ms (FindLiveObjects: 0.570000 ms CreateObjectMapping: 0.101400 ms MarkObjects: 3.035100 ms  DeleteObjects: 0.028600 ms)

========================================================================
Received Prepare
Registering precompiled user dll's ...
Registered in 0.004200 seconds.
Begin MonoManager ReloadAssembly
Native extension for LinuxStandalone target not found
Native extension for WindowsStandalone target not found
Native extension for WebGL target not found
Refreshing native plugins compatible for Editor in 0.99 ms, found 0 plugins.
Preloading 0 native plugins for Editor in 0.00 ms.
Mono: successfully reloaded assembly
- Completed reload, in  1.006 seconds
Platform modules already initialized, skipping
Shader 'Universal Render Pipeline/Particles/Lit': fallback shader 'Universal Render Pipeline/Particles/SimpleLit' not found
Refreshing native plugins compatible for Editor in 1.00 ms, found 0 plugins.
Preloading 0 native plugins for Editor in 0.00 ms.
Unloading 3762 Unused Serialized files (Serialized files now loaded: 0)
System memory in use before: 162.4 MB.
System memory in use after: 162.7 MB.

Unloading 35 unused Assets to reduce memory usage. Loaded Objects now: 4572.
Total: 3.682400 ms (FindLiveObjects: 0.465800 ms CreateObjectMapping: 0.121200 ms MarkObjects: 3.063100 ms  DeleteObjects: 0.031000 ms)

========================================================================
Received Prepare
Registering precompiled user dll's ...
Registered in 0.004318 seconds.
Begin MonoManager ReloadAssembly
Native extension for LinuxStandalone target not found
Native extension for WindowsStandalone target not found
Native extension for WebGL target not found
Refreshing native plugins compatible for Editor in 1.07 ms, found 0 plugins.
Preloading 0 native plugins for Editor in 0.00 ms.
Mono: successfully reloaded assembly
- Completed reload, in  1.032 seconds
Platform modules already initialized, skipping
Shader 'Universal Render Pipeline/Particles/Lit': fallback shader 'Universal Render Pipeline/Particles/SimpleLit' not found
Refreshing native plugins compatible for Editor in 1.02 ms, found 0 plugins.
Preloading 0 native plugins for Editor in 0.00 ms.
Unloading 3762 Unused Serialized files (Serialized files now loaded: 0)
System memory in use before: 162.4 MB.
System memory in use after: 162.7 MB.

Unloading 35 unused Assets to reduce memory usage. Loaded Objects now: 4577.
Total: 3.369600 ms (FindLiveObjects: 0.435900 ms CreateObjectMapping: 0.101100 ms MarkObjects: 2.810300 ms  DeleteObjects: 0.021100 ms)

========================================================================
Received Prepare
Registering precompiled user dll's ...
Registered in 0.004146 seconds.
Begin MonoManager ReloadAssembly
Native extension for LinuxStandalone target not found
Native extension for WindowsStandalone target not found
Native extension for WebGL target not found
Refreshing native plugins compatible for Editor in 1.00 ms, found 0 plugins.
Preloading 0 native plugins for Editor in 0.00 ms.
Mono: successfully reloaded assembly
- Completed reload, in  1.013 seconds
Platform modules already initialized, skipping
Shader 'Universal Render Pipeline/Particles/Lit': fallback shader 'Universal Render Pipeline/Particles/SimpleLit' not found
Refreshing native plugins compatible for Editor in 0.99 ms, found 0 plugins.
Preloading 0 native plugins for Editor in 0.00 ms.
Unloading 3762 Unused Serialized files (Serialized files now loaded: 0)
System memory in use before: 162.4 MB.
System memory in use after: 162.7 MB.

Unloading 35 unused Assets to reduce memory usage. Loaded Objects now: 4582.
Total: 3.490900 ms (FindLiveObjects: 0.431000 ms CreateObjectMapping: 0.101100 ms MarkObjects: 2.931300 ms  DeleteObjects: 0.026600 ms)

========================================================================
Received Import Request.
  Time since last request: 1142.211052 seconds.
  path: Assets/CodeMonkey_Graph/GameScene_Graph.unity
  artifactKey: Guid(58a9a54f5174bbc4aa12bda01d1287fb) Importer(815301076,1909f56bfc062723c751e8b465ee728b)
Start importing Assets/CodeMonkey_Graph/GameScene_Graph.unity using Guid(58a9a54f5174bbc4aa12bda01d1287fb) Importer(815301076,1909f56bfc062723c751e8b465ee728b)  -> (artifact id: '93be49f3bb58ddae00b21d4affde5f98') in 0.011368 seconds
  Import took 0.057722 seconds .

========================================================================
Received Import Request.
  Time since last request: 246.642182 seconds.
  path: Assets/CodeMonkey_Graph
  artifactKey: Guid(0809bf63f0b617e409a057f894ca8ba6) Importer(815301076,1909f56bfc062723c751e8b465ee728b)
Start importing Assets/CodeMonkey_Graph using Guid(0809bf63f0b617e409a057f894ca8ba6) Importer(815301076,1909f56bfc062723c751e8b465ee728b)  -> (artifact id: '2ced84c8ca0f380cda9cdca9ac1d5955') in 0.001651 seconds
  Import took 0.051022 seconds .

========================================================================
Received Import Request.
  Time since last request: 3.555878 seconds.
  path: Assets/_
  artifactKey: Guid(4ad70f11d566df74ea78e615ab4e6803) Importer(815301076,1909f56bfc062723c751e8b465ee728b)
Start importing Assets/_ using Guid(4ad70f11d566df74ea78e615ab4e6803) Importer(815301076,1909f56bfc062723c751e8b465ee728b)  -> (artifact id: 'fa03dbdb6ce7b322aa203d8d6712b655') in 0.001891 seconds
  Import took 0.034677 seconds .

========================================================================
Received Import Request.
  Time since last request: 14.303996 seconds.
  path: Assets/Textures
  artifactKey: Guid(4bd8beb589e20524aabd2f816675d016) Importer(815301076,1909f56bfc062723c751e8b465ee728b)
Start importing Assets/Textures using Guid(4bd8beb589e20524aabd2f816675d016) Importer(815301076,1909f56bfc062723c751e8b465ee728b)  -> (artifact id: 'dc980d53acd74cd5f02bf978f878abff') in 0.001643 seconds
  Import took 0.039188 seconds .

========================================================================
Received Import Request.
  Time since last request: 0.756303 seconds.
  path: Assets/TextMesh Pro
  artifactKey: Guid(f54d1bd14bd3ca042bd867b519fee8cc) Importer(815301076,1909f56bfc062723c751e8b465ee728b)
Start importing Assets/TextMesh Pro using Guid(f54d1bd14bd3ca042bd867b519fee8cc) Importer(815301076,1909f56bfc062723c751e8b465ee728b)  -> (artifact id: '9b73fc70b03d95e68e826e952d33ef7e') in 0.001664 seconds
  Import took 0.007877 seconds .

========================================================================
Received Import Request.
  Time since last request: 2.515202 seconds.
  path: Assets/TextMesh Pro/Resources
  artifactKey: Guid(243e06394e614e5d99fab26083b707fa) Importer(815301076,1909f56bfc062723c751e8b465ee728b)
Start importing Assets/TextMesh Pro/Resources using Guid(243e06394e614e5d99fab26083b707fa) Importer(815301076,1909f56bfc062723c751e8b465ee728b)  -> (artifact id: 'c3a65c5e5953afd215125cfa04318ff4') in 0.001831 seconds
  Import took 0.007797 seconds .

========================================================================
Received Import Request.
  Time since last request: 0.000390 seconds.
  path: Assets/TextMesh Pro/Resources
  artifactKey: Guid(243e06394e614e5d99fab26083b707fa) Importer(815301076,1909f56bfc062723c751e8b465ee728b)
Start importing Assets/TextMesh Pro/Resources using Guid(243e06394e614e5d99fab26083b707fa) Importer(815301076,1909f56bfc062723c751e8b465ee728b)  -> (artifact id: 'c3a65c5e5953afd215125cfa04318ff4') in 0.001150 seconds
  Import took 0.005687 seconds .

========================================================================
Received Import Request.
  Time since last request: 0.756406 seconds.
  path: Assets/TextMesh Pro/Resources/TMP Settings.asset
  artifactKey: Guid(3f5b5dff67a942289a9defa416b206f3) Importer(815301076,1909f56bfc062723c751e8b465ee728b)
Start importing Assets/TextMesh Pro/Resources/TMP Settings.asset using Guid(3f5b5dff67a942289a9defa416b206f3) Importer(815301076,1909f56bfc062723c751e8b465ee728b)  -> (artifact id: '193cd42b8b96c5ffb9bfba43a3976d64') in 0.037356 seconds
  Import took 0.092241 seconds .

========================================================================
Received Import Request.
  Time since last request: 1.369253 seconds.
  path: Assets/TextMesh Pro/Resources/Style Sheets
  artifactKey: Guid(4aecb92fff08436c8303b10eab8da368) Importer(815301076,1909f56bfc062723c751e8b465ee728b)
Start importing Assets/TextMesh Pro/Resources/Style Sheets using Guid(4aecb92fff08436c8303b10eab8da368) Importer(815301076,1909f56bfc062723c751e8b465ee728b)  -> (artifact id: 'a61819e6be2983a0fd1d57a6e8bd5ba0') in 0.001563 seconds
  Import took 0.045620 seconds .

========================================================================
Received Import Request.
  Time since last request: 0.069254 seconds.
  path: Assets/TextMesh Pro/Resources/Style Sheets/Default Style Sheet.asset
  artifactKey: Guid(f952c082cb03451daed3ee968ac6c63e) Importer(815301076,1909f56bfc062723c751e8b465ee728b)
Start importing Assets/TextMesh Pro/Resources/Style Sheets/Default Style Sheet.asset using Guid(f952c082cb03451daed3ee968ac6c63e) Importer(815301076,1909f56bfc062723c751e8b465ee728b)  -> (artifact id: '75f9443c4aaa94871a58e79f7ac14a9a') in 0.001922 seconds
  Import took 0.007941 seconds .

========================================================================
Received Import Request.
  Time since last request: 8.323414 seconds.
  path: Assets/TextMesh Pro/Resources/Color Gradient Presets/GreenGradient.asset
  artifactKey: Guid(1ebff9eb98d87744087b0d8c4eee89f9) Importer(815301076,1909f56bfc062723c751e8b465ee728b)
Start importing Assets/TextMesh Pro/Resources/Color Gradient Presets/GreenGradient.asset using Guid(1ebff9eb98d87744087b0d8c4eee89f9) Importer(815301076,1909f56bfc062723c751e8b465ee728b)  -> (artifact id: '9e4744391dc39b418f07c19478b08114') in 0.002366 seconds
  Import took 0.026901 seconds .

========================================================================
Received Import Request.
  Time since last request: 0.000276 seconds.
  path: Assets/TextMesh Pro/Resources/Color Gradient Presets/RedGradient.asset
  artifactKey: Guid(6ced01a70dc4f004d9bb53a7d4369104) Importer(815301076,1909f56bfc062723c751e8b465ee728b)
Start importing Assets/TextMesh Pro/Resources/Color Gradient Presets/RedGradient.asset using Guid(6ced01a70dc4f004d9bb53a7d4369104) Importer(815301076,1909f56bfc062723c751e8b465ee728b)  -> (artifact id: '20a99056bb661c9a08e800393e4e5c5c') in 0.002211 seconds
  Import took 0.013455 seconds .

========================================================================
Received Import Request.
  Time since last request: 0.000212 seconds.
  path: Assets/TextMesh Pro/Resources/Color Gradient Presets/YellowGradient.asset
  artifactKey: Guid(ef7ddf010d2799b4abc2cb93fb4d4583) Importer(815301076,1909f56bfc062723c751e8b465ee728b)
Start importing Assets/TextMesh Pro/Resources/Color Gradient Presets/YellowGradient.asset using Guid(ef7ddf010d2799b4abc2cb93fb4d4583) Importer(815301076,1909f56bfc062723c751e8b465ee728b)  -> (artifact id: '46eb356a85c4ddbf00fc0885578a6b5f') in 0.001876 seconds
  Import took 0.010762 seconds .

========================================================================
Received Import Request.
  Time since last request: 0.520698 seconds.
  path: Assets/TextMesh Pro/Resources/Fonts & Materials/LiberationSans SDF - Drop Shadow.mat
  artifactKey: Guid(e73a58f6e2794ae7b1b7e50b7fb811b0) Importer(815301076,1909f56bfc062723c751e8b465ee728b)
Start importing Assets/TextMesh Pro/Resources/Fonts & Materials/LiberationSans SDF - Drop Shadow.mat using Guid(e73a58f6e2794ae7b1b7e50b7fb811b0) Importer(815301076,1909f56bfc062723c751e8b465ee728b)  -> (artifact id: 'ab1d1cf00b216a7e6e842d041051ba95') in 0.169051 seconds
  Import took 0.174586 seconds .

========================================================================
Received Import Request.
  Time since last request: 0.000234 seconds.
  path: Assets/TextMesh Pro/Resources/Fonts & Materials/LiberationSans SDF - Outline.mat
  artifactKey: Guid(79459efec17a4d00a321bdcc27bbc385) Importer(815301076,1909f56bfc062723c751e8b465ee728b)
Start importing Assets/TextMesh Pro/Resources/Fonts & Materials/LiberationSans SDF - Outline.mat using Guid(79459efec17a4d00a321bdcc27bbc385) Importer(815301076,1909f56bfc062723c751e8b465ee728b)  -> (artifact id: 'a9dd9dec76d3e424b66067191e6543cc') in 0.070595 seconds
  Import took 0.089867 seconds .

========================================================================
Received Import Request.
  Time since last request: 0.000242 seconds.
  path: Assets/TextMesh Pro/Resources/Fonts & Materials/LiberationSans SDF - Fallback.asset
  artifactKey: Guid(2e498d1c8094910479dc3e1b768306a4) Importer(815301076,1909f56bfc062723c751e8b465ee728b)
Start importing Assets/TextMesh Pro/Resources/Fonts & Materials/LiberationSans SDF - Fallback.asset using Guid(2e498d1c8094910479dc3e1b768306a4) Importer(815301076,1909f56bfc062723c751e8b465ee728b)  -> (artifact id: 'bad3d9abebc436c620e105756800d34d') in 0.012439 seconds
  Import took 0.017153 seconds .

========================================================================
Received Import Request.
  Time since last request: 0.000220 seconds.
  path: Assets/TextMesh Pro/Resources/Fonts & Materials/LiberationSans SDF.asset
  artifactKey: Guid(8f586378b4e144a9851e7b34d9b748ee) Importer(815301076,1909f56bfc062723c751e8b465ee728b)
Start importing Assets/TextMesh Pro/Resources/Fonts & Materials/LiberationSans SDF.asset using Guid(8f586378b4e144a9851e7b34d9b748ee) Importer(815301076,1909f56bfc062723c751e8b465ee728b)  -> (artifact id: '08564a49e282767795ddec70e15a3565') in 0.026545 seconds
  Import took 0.032038 seconds .

========================================================================
Received Import Request.
  Time since last request: 2.158007 seconds.
  path: Assets/TextMesh Pro/Resources/Sprite Assets/EmojiOne.asset
  artifactKey: Guid(c41005c129ba4d66911b75229fd70b45) Importer(815301076,1909f56bfc062723c751e8b465ee728b)
Start importing Assets/TextMesh Pro/Resources/Sprite Assets/EmojiOne.asset using Guid(c41005c129ba4d66911b75229fd70b45) Importer(815301076,1909f56bfc062723c751e8b465ee728b)  -> (artifact id: 'df5852c0c6772a860b005fc5efd1ad1a') in 0.002526 seconds
  Import took 0.039473 seconds .

========================================================================
Received Import Request.
  Time since last request: 19.879219 seconds.
  path: Assets/Scenes/SimpleEA.unity
  artifactKey: Guid(c325ac92b90d7dd419c028f6444b4ab9) Importer(815301076,1909f56bfc062723c751e8b465ee728b)
Start importing Assets/Scenes/SimpleEA.unity using Guid(c325ac92b90d7dd419c028f6444b4ab9) Importer(815301076,1909f56bfc062723c751e8b465ee728b)  -> (artifact id: 'dbd2d087a9dfdee6844d5b459ffb7a6a') in 0.002117 seconds
  Import took 0.035909 seconds .

========================================================================
Received Import Request.
  Time since last request: 12.778026 seconds.
  path: Assets/Material/EastLockedDoorMat.mat
  artifactKey: Guid(8f79ab74a235e69408fd36c02bb99811) Importer(815301076,1909f56bfc062723c751e8b465ee728b)
Start importing Assets/Material/EastLockedDoorMat.mat using Guid(8f79ab74a235e69408fd36c02bb99811) Importer(815301076,1909f56bfc062723c751e8b465ee728b)  -> (artifact id: 'b1e1e67c2237dd1f2df36b0014a42e36') in 0.037629 seconds
  Import took 0.063235 seconds .

========================================================================
Received Import Request.
  Time since last request: 0.000250 seconds.
  path: Assets/Material/SouthLockedDoorMat.mat
  artifactKey: Guid(c88c6a03d73d70a43a9d8c26c177ed75) Importer(815301076,1909f56bfc062723c751e8b465ee728b)
Start importing Assets/Material/SouthLockedDoorMat.mat using Guid(c88c6a03d73d70a43a9d8c26c177ed75) Importer(815301076,1909f56bfc062723c751e8b465ee728b)  -> (artifact id: '9115dcdf3843e9fdb8d1c467123be0c6') in 0.006759 seconds
  Import took 0.011744 seconds .

========================================================================
Received Import Request.
  Time since last request: 0.000218 seconds.
  path: Assets/Material/NorthLockedDoorMat.mat
  artifactKey: Guid(5db105d0bbe6bfa4fbcc1197e12afd7b) Importer(815301076,1909f56bfc062723c751e8b465ee728b)
Start importing Assets/Material/NorthLockedDoorMat.mat using Guid(5db105d0bbe6bfa4fbcc1197e12afd7b) Importer(815301076,1909f56bfc062723c751e8b465ee728b)  -> (artifact id: '5b0a1a8141f78a4eda5b53dfabae17a0') in 0.006624 seconds
  Import took 0.020648 seconds .

========================================================================
Received Import Request.
  Time since last request: 0.000244 seconds.
  path: Assets/Material/WestLockedDoorMat.mat
  artifactKey: Guid(5af165038c57488488a10367446e405f) Importer(815301076,1909f56bfc062723c751e8b465ee728b)
Start importing Assets/Material/WestLockedDoorMat.mat using Guid(5af165038c57488488a10367446e405f) Importer(815301076,1909f56bfc062723c751e8b465ee728b)  -> (artifact id: '42a7ec7ae41fa3fd4432b75b626e8fbd') in 0.012991 seconds
  Import took 0.018375 seconds .

========================================================================
Received Prepare
Registering precompiled user dll's ...
Registered in 0.004085 seconds.
Begin MonoManager ReloadAssembly
Native extension for LinuxStandalone target not found
Native extension for WindowsStandalone target not found
Native extension for WebGL target not found
Refreshing native plugins compatible for Editor in 0.99 ms, found 0 plugins.
Preloading 0 native plugins for Editor in 0.00 ms.
Mono: successfully reloaded assembly
- Completed reload, in  0.989 seconds
Platform modules already initialized, skipping
Shader 'Universal Render Pipeline/Particles/Lit': fallback shader 'Universal Render Pipeline/Particles/SimpleLit' not found
Refreshing native plugins compatible for Editor in 0.99 ms, found 0 plugins.
Preloading 0 native plugins for Editor in 0.00 ms.
Unloading 3762 Unused Serialized files (Serialized files now loaded: 0)
System memory in use before: 162.6 MB.
System memory in use after: 162.8 MB.

Unloading 35 unused Assets to reduce memory usage. Loaded Objects now: 4625.
Total: 3.668000 ms (FindLiveObjects: 0.430300 ms CreateObjectMapping: 0.101600 ms MarkObjects: 3.105400 ms  DeleteObjects: 0.029200 ms)

========================================================================
Received Import Request.
  Time since last request: 301.173310 seconds.
  path: Assets/_
  artifactKey: Guid(4ad70f11d566df74ea78e615ab4e6803) Importer(815301076,1909f56bfc062723c751e8b465ee728b)
Start importing Assets/_ using Guid(4ad70f11d566df74ea78e615ab4e6803) Importer(815301076,1909f56bfc062723c751e8b465ee728b)  -> (artifact id: '55433aeb7cf1de11ba1edd1e7b4c3622') in 0.006742 seconds
  Import took 0.012743 seconds .

========================================================================
Received Import Request.
  Time since last request: 0.001688 seconds.
  path: Assets/_
  artifactKey: Guid(4ad70f11d566df74ea78e615ab4e6803) Importer(815301076,1909f56bfc062723c751e8b465ee728b)
Start importing Assets/_ using Guid(4ad70f11d566df74ea78e615ab4e6803) Importer(815301076,1909f56bfc062723c751e8b465ee728b)  -> (artifact id: '55433aeb7cf1de11ba1edd1e7b4c3622') in 0.001342 seconds
  Import took 0.006517 seconds .

========================================================================
Received Prepare
Registering precompiled user dll's ...
Registered in 0.004156 seconds.
Begin MonoManager ReloadAssembly
Native extension for LinuxStandalone target not found
Native extension for WindowsStandalone target not found
Native extension for WebGL target not found
Refreshing native plugins compatible for Editor in 1.07 ms, found 0 plugins.
Preloading 0 native plugins for Editor in 0.00 ms.
Mono: successfully reloaded assembly
- Completed reload, in  1.025 seconds
Platform modules already initialized, skipping
Shader 'Universal Render Pipeline/Particles/Lit': fallback shader 'Universal Render Pipeline/Particles/SimpleLit' not found
Refreshing native plugins compatible for Editor in 1.04 ms, found 0 plugins.
Preloading 0 native plugins for Editor in 0.00 ms.
Unloading 3742 Unused Serialized files (Serialized files now loaded: 0)
System memory in use before: 162.2 MB.
System memory in use after: 162.4 MB.

Unloading 35 unused Assets to reduce memory usage. Loaded Objects now: 4630.
Total: 3.728800 ms (FindLiveObjects: 0.463200 ms CreateObjectMapping: 0.104100 ms MarkObjects: 3.125900 ms  DeleteObjects: 0.034200 ms)

========================================================================
Received Prepare
Registering precompiled user dll's ...
Registered in 0.004216 seconds.
Begin MonoManager ReloadAssembly
Native extension for LinuxStandalone target not found
Native extension for WindowsStandalone target not found
Native extension for WebGL target not found
Refreshing native plugins compatible for Editor in 1.07 ms, found 0 plugins.
Preloading 0 native plugins for Editor in 0.00 ms.
Mono: successfully reloaded assembly
- Completed reload, in  1.066 seconds
Platform modules already initialized, skipping
Shader 'Universal Render Pipeline/Particles/Lit': fallback shader 'Universal Render Pipeline/Particles/SimpleLit' not found
Refreshing native plugins compatible for Editor in 1.04 ms, found 0 plugins.
Preloading 0 native plugins for Editor in 0.00 ms.
Unloading 3762 Unused Serialized files (Serialized files now loaded: 0)
System memory in use before: 162.6 MB.
System memory in use after: 162.9 MB.

Unloading 35 unused Assets to reduce memory usage. Loaded Objects now: 4635.
Total: 3.515100 ms (FindLiveObjects: 0.434300 ms CreateObjectMapping: 0.102000 ms MarkObjects: 2.958100 ms  DeleteObjects: 0.019600 ms)

========================================================================
Received Import Request.
  Time since last request: 78.684869 seconds.
  path: Assets/CodeMonkey_Graph/Textures
  artifactKey: Guid(35983e51ba4aab7469344ee9fc5a4e8d) Importer(815301076,1909f56bfc062723c751e8b465ee728b)
Start importing Assets/CodeMonkey_Graph/Textures using Guid(35983e51ba4aab7469344ee9fc5a4e8d) Importer(815301076,1909f56bfc062723c751e8b465ee728b)  -> (artifact id: '8fd6c49fda0ed7f1ad8d097d1ad4b5e8') in 0.005861 seconds
  Import took 0.040573 seconds .

========================================================================
Received Import Request.
  Time since last request: 0.421069 seconds.
  path: Assets/CodeMonkey_Graph/Scripts
  artifactKey: Guid(d4c8f449cdf9fa74390042638fe5b83f) Importer(815301076,1909f56bfc062723c751e8b465ee728b)
Start importing Assets/CodeMonkey_Graph/Scripts using Guid(d4c8f449cdf9fa74390042638fe5b83f) Importer(815301076,1909f56bfc062723c751e8b465ee728b)  -> (artifact id: 'b21432bf335757447c0e80919e66f217') in 0.001618 seconds
  Import took 0.007566 seconds .

========================================================================
Received Prepare
Registering precompiled user dll's ...
Registered in 0.004267 seconds.
Begin MonoManager ReloadAssembly
Native extension for LinuxStandalone target not found
Native extension for WindowsStandalone target not found
Native extension for WebGL target not found
Refreshing native plugins compatible for Editor in 1.10 ms, found 0 plugins.
Preloading 0 native plugins for Editor in 0.00 ms.
Mono: successfully reloaded assembly
- Completed reload, in  1.007 seconds
Platform modules already initialized, skipping
Shader 'Universal Render Pipeline/Particles/Lit': fallback shader 'Universal Render Pipeline/Particles/SimpleLit' not found
Refreshing native plugins compatible for Editor in 1.00 ms, found 0 plugins.
Preloading 0 native plugins for Editor in 0.00 ms.
Unloading 3762 Unused Serialized files (Serialized files now loaded: 0)
System memory in use before: 162.6 MB.
System memory in use after: 162.9 MB.

Unloading 35 unused Assets to reduce memory usage. Loaded Objects now: 4640.
Total: 3.719500 ms (FindLiveObjects: 0.509900 ms CreateObjectMapping: 0.122600 ms MarkObjects: 3.050000 ms  DeleteObjects: 0.035700 ms)

========================================================================
Received Prepare
Registering precompiled user dll's ...
Registered in 0.005183 seconds.
Begin MonoManager ReloadAssembly
Native extension for LinuxStandalone target not found
Native extension for WindowsStandalone target not found
Native extension for WebGL target not found
Refreshing native plugins compatible for Editor in 1.00 ms, found 0 plugins.
Preloading 0 native plugins for Editor in 0.00 ms.
Mono: successfully reloaded assembly
- Completed reload, in  1.045 seconds
Platform modules already initialized, skipping
Shader 'Universal Render Pipeline/Particles/Lit': fallback shader 'Universal Render Pipeline/Particles/SimpleLit' not found
Refreshing native plugins compatible for Editor in 1.00 ms, found 0 plugins.
Preloading 0 native plugins for Editor in 0.00 ms.
Unloading 3762 Unused Serialized files (Serialized files now loaded: 0)
System memory in use before: 162.6 MB.
System memory in use after: 162.9 MB.

Unloading 35 unused Assets to reduce memory usage. Loaded Objects now: 4645.
Total: 3.386900 ms (FindLiveObjects: 0.469400 ms CreateObjectMapping: 0.123400 ms MarkObjects: 2.772100 ms  DeleteObjects: 0.020300 ms)

========================================================================
Received Prepare
Registering precompiled user dll's ...
Registered in 0.005028 seconds.
Begin MonoManager ReloadAssembly
Native extension for LinuxStandalone target not found
Native extension for WindowsStandalone target not found
Native extension for WebGL target not found
Refreshing native plugins compatible for Editor in 0.85 ms, found 0 plugins.
Preloading 0 native plugins for Editor in 0.00 ms.
Mono: successfully reloaded assembly
- Completed reload, in  1.018 seconds
Platform modules already initialized, skipping
Shader 'Universal Render Pipeline/Particles/Lit': fallback shader 'Universal Render Pipeline/Particles/SimpleLit' not found
Refreshing native plugins compatible for Editor in 1.09 ms, found 0 plugins.
Preloading 0 native plugins for Editor in 0.00 ms.
Unloading 3762 Unused Serialized files (Serialized files now loaded: 0)
System memory in use before: 162.6 MB.
System memory in use after: 162.9 MB.

Unloading 35 unused Assets to reduce memory usage. Loaded Objects now: 4650.
Total: 3.437300 ms (FindLiveObjects: 0.458400 ms CreateObjectMapping: 0.102900 ms MarkObjects: 2.849900 ms  DeleteObjects: 0.024800 ms)

========================================================================
Received Prepare
Registering precompiled user dll's ...
Registered in 0.004733 seconds.
Begin MonoManager ReloadAssembly
Native extension for LinuxStandalone target not found
Native extension for WindowsStandalone target not found
Native extension for WebGL target not found
Refreshing native plugins compatible for Editor in 1.11 ms, found 0 plugins.
Preloading 0 native plugins for Editor in 0.00 ms.
Mono: successfully reloaded assembly
- Completed reload, in  1.079 seconds
Platform modules already initialized, skipping
Shader 'Universal Render Pipeline/Particles/Lit': fallback shader 'Universal Render Pipeline/Particles/SimpleLit' not found
Refreshing native plugins compatible for Editor in 1.17 ms, found 0 plugins.
Preloading 0 native plugins for Editor in 0.00 ms.
Unloading 3762 Unused Serialized files (Serialized files now loaded: 0)
System memory in use before: 162.7 MB.
System memory in use after: 162.9 MB.

Unloading 35 unused Assets to reduce memory usage. Loaded Objects now: 4655.
Total: 4.880200 ms (FindLiveObjects: 0.652300 ms CreateObjectMapping: 0.244300 ms MarkObjects: 3.951100 ms  DeleteObjects: 0.031200 ms)

========================================================================
Received Prepare
Registering precompiled user dll's ...
Registered in 0.004270 seconds.
Begin MonoManager ReloadAssembly
Native extension for LinuxStandalone target not found
Native extension for WindowsStandalone target not found
Native extension for WebGL target not found
Refreshing native plugins compatible for Editor in 1.02 ms, found 0 plugins.
Preloading 0 native plugins for Editor in 0.00 ms.
Mono: successfully reloaded assembly
- Completed reload, in  1.020 seconds
Platform modules already initialized, skipping
Shader 'Universal Render Pipeline/Particles/Lit': fallback shader 'Universal Render Pipeline/Particles/SimpleLit' not found
Refreshing native plugins compatible for Editor in 1.03 ms, found 0 plugins.
Preloading 0 native plugins for Editor in 0.00 ms.
Unloading 3762 Unused Serialized files (Serialized files now loaded: 0)
System memory in use before: 162.7 MB.
System memory in use after: 162.9 MB.

Unloading 35 unused Assets to reduce memory usage. Loaded Objects now: 4660.
Total: 3.796200 ms (FindLiveObjects: 0.497700 ms CreateObjectMapping: 0.102200 ms MarkObjects: 3.164600 ms  DeleteObjects: 0.030400 ms)

========================================================================
Received Prepare
Registering precompiled user dll's ...
Registered in 0.004466 seconds.
Begin MonoManager ReloadAssembly
Native extension for LinuxStandalone target not found
Native extension for WindowsStandalone target not found
Native extension for WebGL target not found
Refreshing native plugins compatible for Editor in 1.05 ms, found 0 plugins.
Preloading 0 native plugins for Editor in 0.00 ms.
Mono: successfully reloaded assembly
- Completed reload, in  1.008 seconds
Platform modules already initialized, skipping
Shader 'Universal Render Pipeline/Particles/Lit': fallback shader 'Universal Render Pipeline/Particles/SimpleLit' not found
Refreshing native plugins compatible for Editor in 1.00 ms, found 0 plugins.
Preloading 0 native plugins for Editor in 0.00 ms.
Unloading 3762 Unused Serialized files (Serialized files now loaded: 0)
System memory in use before: 162.7 MB.
System memory in use after: 162.9 MB.

Unloading 35 unused Assets to reduce memory usage. Loaded Objects now: 4665.
Total: 3.714200 ms (FindLiveObjects: 0.526300 ms CreateObjectMapping: 0.101900 ms MarkObjects: 3.056700 ms  DeleteObjects: 0.028500 ms)

AssetImportWorkerClient::OnTransportError - code=2 error=End of file
